[0.065s] DEBUG:colcon:Command line arguments: ['/usr/bin/colcon', 'build']
[0.065s] DEBUG:colcon:Parsed command line arguments: Namespace(log_base=None, log_level=None, verb_name='build', build_base='build', install_base='install', merge_install=False, symlink_install=False, test_result_base=None, continue_on_error=False, executor='parallel', parallel_workers=12, event_handlers=None, ignore_user_meta=False, metas=['./colcon.meta'], base_paths=['.'], packages_ignore=None, packages_ignore_regex=None, paths=None, packages_up_to=None, packages_up_to_regex=None, packages_above=None, packages_above_and_dependencies=None, packages_above_depth=None, packages_select_by_dep=None, packages_skip_by_dep=None, packages_skip_up_to=None, packages_select_build_failed=False, packages_skip_build_finished=False, packages_select_test_failures=False, packages_skip_test_passed=False, packages_select=None, packages_skip=None, packages_select_regex=None, packages_skip_regex=None, packages_start=None, packages_end=None, allow_overriding=[], cmake_args=None, cmake_target=None, cmake_target_skip_unavailable=False, cmake_clean_cache=False, cmake_clean_first=False, cmake_force_configure=False, ament_cmake_args=None, catkin_cmake_args=None, catkin_skip_building_tests=False, mixin_files=None, mixin=None, verb_parser=<colcon_mixin.mixin.mixin_argument.MixinArgumentDecorator object at 0x799e433f96c0>, verb_extension=<colcon_core.verb.build.BuildVerb object at 0x799e433f8a60>, main=<bound method BuildVerb.main of <colcon_core.verb.build.BuildVerb object at 0x799e433f8a60>>, mixin_verb=('build',))
[0.150s] Level 1:colcon.colcon_core.package_discovery:discover_packages(colcon_meta) check parameters
[0.150s] Level 1:colcon.colcon_core.package_discovery:discover_packages(recursive) check parameters
[0.150s] Level 1:colcon.colcon_core.package_discovery:discover_packages(ignore) check parameters
[0.150s] Level 1:colcon.colcon_core.package_discovery:discover_packages(path) check parameters
[0.150s] Level 1:colcon.colcon_core.package_discovery:discover_packages(colcon_meta) discover
[0.150s] Level 1:colcon.colcon_core.package_discovery:discover_packages(recursive) discover
[0.150s] INFO:colcon.colcon_core.package_discovery:Crawling recursively for packages in '/home/kuldip/assignment_ws'
[0.150s] Level 1:colcon.colcon_core.package_identification:_identify(.) by extensions ['ignore', 'ignore_ament_install']
[0.151s] Level 1:colcon.colcon_core.package_identification:_identify(.) by extension 'ignore'
[0.151s] Level 1:colcon.colcon_core.package_identification:_identify(.) by extension 'ignore_ament_install'
[0.151s] Level 1:colcon.colcon_core.package_identification:_identify(.) by extensions ['colcon_pkg']
[0.151s] Level 1:colcon.colcon_core.package_identification:_identify(.) by extension 'colcon_pkg'
[0.151s] Level 1:colcon.colcon_core.package_identification:_identify(.) by extensions ['colcon_meta']
[0.151s] Level 1:colcon.colcon_core.package_identification:_identify(.) by extension 'colcon_meta'
[0.151s] Level 1:colcon.colcon_core.package_identification:_identify(.) by extensions ['ros']
[0.151s] Level 1:colcon.colcon_core.package_identification:_identify(.) by extension 'ros'
[0.157s] Level 1:colcon.colcon_core.package_identification:_identify(.) by extensions ['cmake', 'python']
[0.157s] Level 1:colcon.colcon_core.package_identification:_identify(.) by extension 'cmake'
[0.157s] Level 1:colcon.colcon_core.package_identification:_identify(.) by extension 'python'
[0.157s] Level 1:colcon.colcon_core.package_identification:_identify(.) by extensions ['python_setup_py']
[0.157s] Level 1:colcon.colcon_core.package_identification:_identify(.) by extension 'python_setup_py'
[0.157s] Level 1:colcon.colcon_core.package_identification:_identify(build) by extensions ['ignore', 'ignore_ament_install']
[0.157s] Level 1:colcon.colcon_core.package_identification:_identify(build) by extension 'ignore'
[0.157s] Level 1:colcon.colcon_core.package_identification:_identify(build) ignored
[0.158s] Level 1:colcon.colcon_core.package_identification:_identify(install) by extensions ['ignore', 'ignore_ament_install']
[0.158s] Level 1:colcon.colcon_core.package_identification:_identify(install) by extension 'ignore'
[0.158s] Level 1:colcon.colcon_core.package_identification:_identify(install) ignored
[0.158s] Level 1:colcon.colcon_core.package_identification:_identify(log) by extensions ['ignore', 'ignore_ament_install']
[0.158s] Level 1:colcon.colcon_core.package_identification:_identify(log) by extension 'ignore'
[0.158s] Level 1:colcon.colcon_core.package_identification:_identify(log) ignored
[0.158s] Level 1:colcon.colcon_core.package_identification:_identify(src) by extensions ['ignore', 'ignore_ament_install']
[0.158s] Level 1:colcon.colcon_core.package_identification:_identify(src) by extension 'ignore'
[0.158s] Level 1:colcon.colcon_core.package_identification:_identify(src) by extension 'ignore_ament_install'
[0.158s] Level 1:colcon.colcon_core.package_identification:_identify(src) by extensions ['colcon_pkg']
[0.158s] Level 1:colcon.colcon_core.package_identification:_identify(src) by extension 'colcon_pkg'
[0.158s] Level 1:colcon.colcon_core.package_identification:_identify(src) by extensions ['colcon_meta']
[0.158s] Level 1:colcon.colcon_core.package_identification:_identify(src) by extension 'colcon_meta'
[0.158s] Level 1:colcon.colcon_core.package_identification:_identify(src) by extensions ['ros']
[0.158s] Level 1:colcon.colcon_core.package_identification:_identify(src) by extension 'ros'
[0.158s] Level 1:colcon.colcon_core.package_identification:_identify(src) by extensions ['cmake', 'python']
[0.158s] Level 1:colcon.colcon_core.package_identification:_identify(src) by extension 'cmake'
[0.158s] Level 1:colcon.colcon_core.package_identification:_identify(src) by extension 'python'
[0.158s] Level 1:colcon.colcon_core.package_identification:_identify(src) by extensions ['python_setup_py']
[0.158s] Level 1:colcon.colcon_core.package_identification:_identify(src) by extension 'python_setup_py'
[0.158s] Level 1:colcon.colcon_core.package_identification:_identify(src/l1-kuldipbirhade) by extensions ['ignore', 'ignore_ament_install']
[0.158s] Level 1:colcon.colcon_core.package_identification:_identify(src/l1-kuldipbirhade) by extension 'ignore'
[0.158s] Level 1:colcon.colcon_core.package_identification:_identify(src/l1-kuldipbirhade) by extension 'ignore_ament_install'
[0.158s] Level 1:colcon.colcon_core.package_identification:_identify(src/l1-kuldipbirhade) by extensions ['colcon_pkg']
[0.158s] Level 1:colcon.colcon_core.package_identification:_identify(src/l1-kuldipbirhade) by extension 'colcon_pkg'
[0.158s] Level 1:colcon.colcon_core.package_identification:_identify(src/l1-kuldipbirhade) by extensions ['colcon_meta']
[0.158s] Level 1:colcon.colcon_core.package_identification:_identify(src/l1-kuldipbirhade) by extension 'colcon_meta'
[0.158s] Level 1:colcon.colcon_core.package_identification:_identify(src/l1-kuldipbirhade) by extensions ['ros']
[0.158s] Level 1:colcon.colcon_core.package_identification:_identify(src/l1-kuldipbirhade) by extension 'ros'
[0.158s] Level 1:colcon.colcon_core.package_identification:_identify(src/l1-kuldipbirhade) by extensions ['cmake', 'python']
[0.158s] Level 1:colcon.colcon_core.package_identification:_identify(src/l1-kuldipbirhade) by extension 'cmake'
[0.158s] Level 1:colcon.colcon_core.package_identification:_identify(src/l1-kuldipbirhade) by extension 'python'
[0.158s] Level 1:colcon.colcon_core.package_identification:_identify(src/l1-kuldipbirhade) by extensions ['python_setup_py']
[0.158s] Level 1:colcon.colcon_core.package_identification:_identify(src/l1-kuldipbirhade) by extension 'python_setup_py'
[0.158s] Level 1:colcon.colcon_core.package_identification:_identify(src/l1-kuldipbirhade/testbed_bringup) by extensions ['ignore', 'ignore_ament_install']
[0.158s] Level 1:colcon.colcon_core.package_identification:_identify(src/l1-kuldipbirhade/testbed_bringup) by extension 'ignore'
[0.158s] Level 1:colcon.colcon_core.package_identification:_identify(src/l1-kuldipbirhade/testbed_bringup) by extension 'ignore_ament_install'
[0.158s] Level 1:colcon.colcon_core.package_identification:_identify(src/l1-kuldipbirhade/testbed_bringup) by extensions ['colcon_pkg']
[0.158s] Level 1:colcon.colcon_core.package_identification:_identify(src/l1-kuldipbirhade/testbed_bringup) by extension 'colcon_pkg'
[0.158s] Level 1:colcon.colcon_core.package_identification:_identify(src/l1-kuldipbirhade/testbed_bringup) by extensions ['colcon_meta']
[0.159s] Level 1:colcon.colcon_core.package_identification:_identify(src/l1-kuldipbirhade/testbed_bringup) by extension 'colcon_meta'
[0.159s] Level 1:colcon.colcon_core.package_identification:_identify(src/l1-kuldipbirhade/testbed_bringup) by extensions ['ros']
[0.159s] Level 1:colcon.colcon_core.package_identification:_identify(src/l1-kuldipbirhade/testbed_bringup) by extension 'ros'
[0.160s] DEBUG:colcon.colcon_core.package_identification:Package 'src/l1-kuldipbirhade/testbed_bringup' with type 'ros.ament_cmake' and name 'testbed_bringup'
[0.160s] Level 1:colcon.colcon_core.package_identification:_identify(src/l1-kuldipbirhade/testbed_description) by extensions ['ignore', 'ignore_ament_install']
[0.160s] Level 1:colcon.colcon_core.package_identification:_identify(src/l1-kuldipbirhade/testbed_description) by extension 'ignore'
[0.160s] Level 1:colcon.colcon_core.package_identification:_identify(src/l1-kuldipbirhade/testbed_description) by extension 'ignore_ament_install'
[0.160s] Level 1:colcon.colcon_core.package_identification:_identify(src/l1-kuldipbirhade/testbed_description) by extensions ['colcon_pkg']
[0.160s] Level 1:colcon.colcon_core.package_identification:_identify(src/l1-kuldipbirhade/testbed_description) by extension 'colcon_pkg'
[0.160s] Level 1:colcon.colcon_core.package_identification:_identify(src/l1-kuldipbirhade/testbed_description) by extensions ['colcon_meta']
[0.160s] Level 1:colcon.colcon_core.package_identification:_identify(src/l1-kuldipbirhade/testbed_description) by extension 'colcon_meta'
[0.160s] Level 1:colcon.colcon_core.package_identification:_identify(src/l1-kuldipbirhade/testbed_description) by extensions ['ros']
[0.160s] Level 1:colcon.colcon_core.package_identification:_identify(src/l1-kuldipbirhade/testbed_description) by extension 'ros'
[0.160s] DEBUG:colcon.colcon_core.package_identification:Package 'src/l1-kuldipbirhade/testbed_description' with type 'ros.ament_cmake' and name 'testbed_description'
[0.160s] Level 1:colcon.colcon_core.package_identification:_identify(src/l1-kuldipbirhade/testbed_gazebo) by extensions ['ignore', 'ignore_ament_install']
[0.161s] Level 1:colcon.colcon_core.package_identification:_identify(src/l1-kuldipbirhade/testbed_gazebo) by extension 'ignore'
[0.161s] Level 1:colcon.colcon_core.package_identification:_identify(src/l1-kuldipbirhade/testbed_gazebo) by extension 'ignore_ament_install'
[0.161s] Level 1:colcon.colcon_core.package_identification:_identify(src/l1-kuldipbirhade/testbed_gazebo) by extensions ['colcon_pkg']
[0.161s] Level 1:colcon.colcon_core.package_identification:_identify(src/l1-kuldipbirhade/testbed_gazebo) by extension 'colcon_pkg'
[0.161s] Level 1:colcon.colcon_core.package_identification:_identify(src/l1-kuldipbirhade/testbed_gazebo) by extensions ['colcon_meta']
[0.161s] Level 1:colcon.colcon_core.package_identification:_identify(src/l1-kuldipbirhade/testbed_gazebo) by extension 'colcon_meta'
[0.161s] Level 1:colcon.colcon_core.package_identification:_identify(src/l1-kuldipbirhade/testbed_gazebo) by extensions ['ros']
[0.161s] Level 1:colcon.colcon_core.package_identification:_identify(src/l1-kuldipbirhade/testbed_gazebo) by extension 'ros'
[0.161s] DEBUG:colcon.colcon_core.package_identification:Package 'src/l1-kuldipbirhade/testbed_gazebo' with type 'ros.ament_cmake' and name 'testbed_gazebo'
[0.161s] Level 1:colcon.colcon_core.package_identification:_identify(src/testbed_navigation) by extensions ['ignore', 'ignore_ament_install']
[0.161s] Level 1:colcon.colcon_core.package_identification:_identify(src/testbed_navigation) by extension 'ignore'
[0.161s] Level 1:colcon.colcon_core.package_identification:_identify(src/testbed_navigation) by extension 'ignore_ament_install'
[0.161s] Level 1:colcon.colcon_core.package_identification:_identify(src/testbed_navigation) by extensions ['colcon_pkg']
[0.161s] Level 1:colcon.colcon_core.package_identification:_identify(src/testbed_navigation) by extension 'colcon_pkg'
[0.161s] Level 1:colcon.colcon_core.package_identification:_identify(src/testbed_navigation) by extensions ['colcon_meta']
[0.161s] Level 1:colcon.colcon_core.package_identification:_identify(src/testbed_navigation) by extension 'colcon_meta'
[0.161s] Level 1:colcon.colcon_core.package_identification:_identify(src/testbed_navigation) by extensions ['ros']
[0.161s] Level 1:colcon.colcon_core.package_identification:_identify(src/testbed_navigation) by extension 'ros'
[0.162s] DEBUG:colcon.colcon_core.package_identification:Package 'src/testbed_navigation' with type 'ros.ament_cmake' and name 'testbed_navigation'
[0.162s] Level 1:colcon.colcon_core.package_discovery:discover_packages(recursive) using defaults
[0.162s] Level 1:colcon.colcon_core.package_discovery:discover_packages(ignore) discover
[0.162s] Level 1:colcon.colcon_core.package_discovery:discover_packages(ignore) using defaults
[0.162s] Level 1:colcon.colcon_core.package_discovery:discover_packages(path) discover
[0.162s] Level 1:colcon.colcon_core.package_discovery:discover_packages(path) using defaults
[0.179s] Level 1:colcon.colcon_core.package_discovery:discover_packages(prefix_path) check parameters
[0.180s] Level 1:colcon.colcon_core.package_discovery:discover_packages(prefix_path) discover
[0.181s] DEBUG:colcon.colcon_installed_package_information.package_discovery:Found 432 installed packages in /opt/ros/humble
[0.182s] Level 1:colcon.colcon_core.package_discovery:discover_packages(prefix_path) using defaults
[0.208s] Level 5:colcon.colcon_core.verb:set package 'testbed_bringup' build argument 'cmake_args' from command line to 'None'
[0.208s] Level 5:colcon.colcon_core.verb:set package 'testbed_bringup' build argument 'cmake_target' from command line to 'None'
[0.208s] Level 5:colcon.colcon_core.verb:set package 'testbed_bringup' build argument 'cmake_target_skip_unavailable' from command line to 'False'
[0.208s] Level 5:colcon.colcon_core.verb:set package 'testbed_bringup' build argument 'cmake_clean_cache' from command line to 'False'
[0.208s] Level 5:colcon.colcon_core.verb:set package 'testbed_bringup' build argument 'cmake_clean_first' from command line to 'False'
[0.208s] Level 5:colcon.colcon_core.verb:set package 'testbed_bringup' build argument 'cmake_force_configure' from command line to 'False'
[0.208s] Level 5:colcon.colcon_core.verb:set package 'testbed_bringup' build argument 'ament_cmake_args' from command line to 'None'
[0.208s] Level 5:colcon.colcon_core.verb:set package 'testbed_bringup' build argument 'catkin_cmake_args' from command line to 'None'
[0.208s] Level 5:colcon.colcon_core.verb:set package 'testbed_bringup' build argument 'catkin_skip_building_tests' from command line to 'False'
[0.208s] DEBUG:colcon.colcon_core.verb:Building package 'testbed_bringup' with the following arguments: {'ament_cmake_args': None, 'build_base': '/home/kuldip/assignment_ws/build/testbed_bringup', 'catkin_cmake_args': None, 'catkin_skip_building_tests': False, 'cmake_args': None, 'cmake_clean_cache': False, 'cmake_clean_first': False, 'cmake_force_configure': False, 'cmake_target': None, 'cmake_target_skip_unavailable': False, 'install_base': '/home/kuldip/assignment_ws/install/testbed_bringup', 'merge_install': False, 'path': '/home/kuldip/assignment_ws/src/l1-kuldipbirhade/testbed_bringup', 'symlink_install': False, 'test_result_base': None}
[0.208s] Level 5:colcon.colcon_core.verb:set package 'testbed_description' build argument 'cmake_args' from command line to 'None'
[0.208s] Level 5:colcon.colcon_core.verb:set package 'testbed_description' build argument 'cmake_target' from command line to 'None'
[0.208s] Level 5:colcon.colcon_core.verb:set package 'testbed_description' build argument 'cmake_target_skip_unavailable' from command line to 'False'
[0.208s] Level 5:colcon.colcon_core.verb:set package 'testbed_description' build argument 'cmake_clean_cache' from command line to 'False'
[0.208s] Level 5:colcon.colcon_core.verb:set package 'testbed_description' build argument 'cmake_clean_first' from command line to 'False'
[0.208s] Level 5:colcon.colcon_core.verb:set package 'testbed_description' build argument 'cmake_force_configure' from command line to 'False'
[0.208s] Level 5:colcon.colcon_core.verb:set package 'testbed_description' build argument 'ament_cmake_args' from command line to 'None'
[0.208s] Level 5:colcon.colcon_core.verb:set package 'testbed_description' build argument 'catkin_cmake_args' from command line to 'None'
[0.208s] Level 5:colcon.colcon_core.verb:set package 'testbed_description' build argument 'catkin_skip_building_tests' from command line to 'False'
[0.208s] DEBUG:colcon.colcon_core.verb:Building package 'testbed_description' with the following arguments: {'ament_cmake_args': None, 'build_base': '/home/kuldip/assignment_ws/build/testbed_description', 'catkin_cmake_args': None, 'catkin_skip_building_tests': False, 'cmake_args': None, 'cmake_clean_cache': False, 'cmake_clean_first': False, 'cmake_force_configure': False, 'cmake_target': None, 'cmake_target_skip_unavailable': False, 'install_base': '/home/kuldip/assignment_ws/install/testbed_description', 'merge_install': False, 'path': '/home/kuldip/assignment_ws/src/l1-kuldipbirhade/testbed_description', 'symlink_install': False, 'test_result_base': None}
[0.208s] Level 5:colcon.colcon_core.verb:set package 'testbed_navigation' build argument 'cmake_args' from command line to 'None'
[0.208s] Level 5:colcon.colcon_core.verb:set package 'testbed_navigation' build argument 'cmake_target' from command line to 'None'
[0.208s] Level 5:colcon.colcon_core.verb:set package 'testbed_navigation' build argument 'cmake_target_skip_unavailable' from command line to 'False'
[0.209s] Level 5:colcon.colcon_core.verb:set package 'testbed_navigation' build argument 'cmake_clean_cache' from command line to 'False'
[0.209s] Level 5:colcon.colcon_core.verb:set package 'testbed_navigation' build argument 'cmake_clean_first' from command line to 'False'
[0.209s] Level 5:colcon.colcon_core.verb:set package 'testbed_navigation' build argument 'cmake_force_configure' from command line to 'False'
[0.209s] Level 5:colcon.colcon_core.verb:set package 'testbed_navigation' build argument 'ament_cmake_args' from command line to 'None'
[0.209s] Level 5:colcon.colcon_core.verb:set package 'testbed_navigation' build argument 'catkin_cmake_args' from command line to 'None'
[0.209s] Level 5:colcon.colcon_core.verb:set package 'testbed_navigation' build argument 'catkin_skip_building_tests' from command line to 'False'
[0.209s] DEBUG:colcon.colcon_core.verb:Building package 'testbed_navigation' with the following arguments: {'ament_cmake_args': None, 'build_base': '/home/kuldip/assignment_ws/build/testbed_navigation', 'catkin_cmake_args': None, 'catkin_skip_building_tests': False, 'cmake_args': None, 'cmake_clean_cache': False, 'cmake_clean_first': False, 'cmake_force_configure': False, 'cmake_target': None, 'cmake_target_skip_unavailable': False, 'install_base': '/home/kuldip/assignment_ws/install/testbed_navigation', 'merge_install': False, 'path': '/home/kuldip/assignment_ws/src/testbed_navigation', 'symlink_install': False, 'test_result_base': None}
[0.209s] Level 5:colcon.colcon_core.verb:set package 'testbed_gazebo' build argument 'cmake_args' from command line to 'None'
[0.209s] Level 5:colcon.colcon_core.verb:set package 'testbed_gazebo' build argument 'cmake_target' from command line to 'None'
[0.209s] Level 5:colcon.colcon_core.verb:set package 'testbed_gazebo' build argument 'cmake_target_skip_unavailable' from command line to 'False'
[0.209s] Level 5:colcon.colcon_core.verb:set package 'testbed_gazebo' build argument 'cmake_clean_cache' from command line to 'False'
[0.209s] Level 5:colcon.colcon_core.verb:set package 'testbed_gazebo' build argument 'cmake_clean_first' from command line to 'False'
[0.209s] Level 5:colcon.colcon_core.verb:set package 'testbed_gazebo' build argument 'cmake_force_configure' from command line to 'False'
[0.209s] Level 5:colcon.colcon_core.verb:set package 'testbed_gazebo' build argument 'ament_cmake_args' from command line to 'None'
[0.209s] Level 5:colcon.colcon_core.verb:set package 'testbed_gazebo' build argument 'catkin_cmake_args' from command line to 'None'
[0.209s] Level 5:colcon.colcon_core.verb:set package 'testbed_gazebo' build argument 'catkin_skip_building_tests' from command line to 'False'
[0.209s] DEBUG:colcon.colcon_core.verb:Building package 'testbed_gazebo' with the following arguments: {'ament_cmake_args': None, 'build_base': '/home/kuldip/assignment_ws/build/testbed_gazebo', 'catkin_cmake_args': None, 'catkin_skip_building_tests': False, 'cmake_args': None, 'cmake_clean_cache': False, 'cmake_clean_first': False, 'cmake_force_configure': False, 'cmake_target': None, 'cmake_target_skip_unavailable': False, 'install_base': '/home/kuldip/assignment_ws/install/testbed_gazebo', 'merge_install': False, 'path': '/home/kuldip/assignment_ws/src/l1-kuldipbirhade/testbed_gazebo', 'symlink_install': False, 'test_result_base': None}
[0.209s] INFO:colcon.colcon_core.executor:Executing jobs using 'parallel' executor
[0.210s] DEBUG:colcon.colcon_parallel_executor.executor.parallel:run_until_complete
[0.210s] INFO:colcon.colcon_ros.task.ament_cmake.build:Building ROS package in '/home/kuldip/assignment_ws/src/l1-kuldipbirhade/testbed_description' with build type 'ament_cmake'
[0.210s] INFO:colcon.colcon_cmake.task.cmake.build:Building CMake package in '/home/kuldip/assignment_ws/src/l1-kuldipbirhade/testbed_description'
[0.211s] INFO:colcon.colcon_core.plugin_system:Skipping extension 'colcon_core.shell.bat': Not used on non-Windows systems
[0.211s] INFO:colcon.colcon_core.shell:Skip shell extension 'powershell' for command environment: Not usable outside of PowerShell
[0.211s] DEBUG:colcon.colcon_core.shell:Skip shell extension 'dsv' for command environment
[0.213s] INFO:colcon.colcon_ros.task.ament_cmake.build:Building ROS package in '/home/kuldip/assignment_ws/src/l1-kuldipbirhade/testbed_bringup' with build type 'ament_cmake'
[0.213s] INFO:colcon.colcon_cmake.task.cmake.build:Building CMake package in '/home/kuldip/assignment_ws/src/l1-kuldipbirhade/testbed_bringup'
[0.214s] INFO:colcon.colcon_core.shell:Skip shell extension 'powershell' for command environment: Not usable outside of PowerShell
[0.214s] DEBUG:colcon.colcon_core.shell:Skip shell extension 'dsv' for command environment
[0.215s] INFO:colcon.colcon_ros.task.ament_cmake.build:Building ROS package in '/home/kuldip/assignment_ws/src/testbed_navigation' with build type 'ament_cmake'
[0.215s] INFO:colcon.colcon_cmake.task.cmake.build:Building CMake package in '/home/kuldip/assignment_ws/src/testbed_navigation'
[0.216s] INFO:colcon.colcon_core.shell:Skip shell extension 'powershell' for command environment: Not usable outside of PowerShell
[0.216s] DEBUG:colcon.colcon_core.shell:Skip shell extension 'dsv' for command environment
[0.220s] DEBUG:colcon.colcon_core.event_handler.log_command:Invoking command in '/home/kuldip/assignment_ws/build/testbed_description': CMAKE_PREFIX_PATH=/opt/ros/humble /usr/bin/cmake --build /home/kuldip/assignment_ws/build/testbed_description -- -j12 -l12
[0.221s] DEBUG:colcon.colcon_core.event_handler.log_command:Invoking command in '/home/kuldip/assignment_ws/build/testbed_bringup': CMAKE_PREFIX_PATH=/opt/ros/humble /usr/bin/cmake --build /home/kuldip/assignment_ws/build/testbed_bringup -- -j12 -l12
[0.224s] DEBUG:colcon.colcon_core.event_handler.log_command:Invoking command in '/home/kuldip/assignment_ws/build/testbed_navigation': CMAKE_PREFIX_PATH=/opt/ros/humble /usr/bin/cmake --build /home/kuldip/assignment_ws/build/testbed_navigation -- -j12 -l12
[0.245s] DEBUG:colcon.colcon_core.event_handler.log_command:Invoked command in '/home/kuldip/assignment_ws/build/testbed_description' returned '0': CMAKE_PREFIX_PATH=/opt/ros/humble /usr/bin/cmake --build /home/kuldip/assignment_ws/build/testbed_description -- -j12 -l12
[0.251s] DEBUG:colcon.colcon_core.event_handler.log_command:Invoking command in '/home/kuldip/assignment_ws/build/testbed_description': CMAKE_PREFIX_PATH=/opt/ros/humble /usr/bin/cmake --install /home/kuldip/assignment_ws/build/testbed_description
[0.252s] DEBUG:colcon.colcon_core.event_handler.log_command:Invoked command in '/home/kuldip/assignment_ws/build/testbed_navigation' returned '0': CMAKE_PREFIX_PATH=/opt/ros/humble /usr/bin/cmake --build /home/kuldip/assignment_ws/build/testbed_navigation -- -j12 -l12
[0.253s] DEBUG:colcon.colcon_core.event_handler.log_command:Invoking command in '/home/kuldip/assignment_ws/build/testbed_navigation': CMAKE_PREFIX_PATH=/opt/ros/humble /usr/bin/cmake --install /home/kuldip/assignment_ws/build/testbed_navigation
[0.254s] DEBUG:colcon.colcon_core.event_handler.log_command:Invoked command in '/home/kuldip/assignment_ws/build/testbed_bringup' returned '0': CMAKE_PREFIX_PATH=/opt/ros/humble /usr/bin/cmake --build /home/kuldip/assignment_ws/build/testbed_bringup -- -j12 -l12
[0.257s] DEBUG:colcon.colcon_core.event_handler.log_command:Invoking command in '/home/kuldip/assignment_ws/build/testbed_bringup': CMAKE_PREFIX_PATH=/opt/ros/humble /usr/bin/cmake --install /home/kuldip/assignment_ws/build/testbed_bringup
[0.260s] Level 1:colcon.colcon_core.environment:create_environment_scripts_only(testbed_navigation)
[0.261s] DEBUG:colcon.colcon_core.event_handler.log_command:Invoked command in '/home/kuldip/assignment_ws/build/testbed_navigation' returned '0': CMAKE_PREFIX_PATH=/opt/ros/humble /usr/bin/cmake --install /home/kuldip/assignment_ws/build/testbed_navigation
[0.262s] Level 1:colcon.colcon_core.environment:checking '/home/kuldip/assignment_ws/install/testbed_navigation' for CMake module files
[0.262s] Level 1:colcon.colcon_core.environment:checking '/home/kuldip/assignment_ws/install/testbed_navigation' for CMake config files
[0.262s] Level 1:colcon.colcon_core.shell:create_environment_hook('testbed_navigation', 'cmake_prefix_path')
[0.262s] INFO:colcon.colcon_core.shell:Creating environment hook '/home/kuldip/assignment_ws/install/testbed_navigation/share/testbed_navigation/hook/cmake_prefix_path.ps1'
[0.263s] INFO:colcon.colcon_core.shell:Creating environment descriptor '/home/kuldip/assignment_ws/install/testbed_navigation/share/testbed_navigation/hook/cmake_prefix_path.dsv'
[0.263s] INFO:colcon.colcon_core.shell:Creating environment hook '/home/kuldip/assignment_ws/install/testbed_navigation/share/testbed_navigation/hook/cmake_prefix_path.sh'
[0.264s] Level 1:colcon.colcon_core.environment:checking '/home/kuldip/assignment_ws/install/testbed_navigation/bin'
[0.264s] Level 1:colcon.colcon_core.environment:checking '/home/kuldip/assignment_ws/install/testbed_navigation/lib/pkgconfig/testbed_navigation.pc'
[0.264s] Level 1:colcon.colcon_core.environment:checking '/home/kuldip/assignment_ws/install/testbed_navigation/lib/python3.10/site-packages'
[0.264s] Level 1:colcon.colcon_core.environment:checking '/home/kuldip/assignment_ws/install/testbed_navigation/bin'
[0.264s] INFO:colcon.colcon_core.shell:Creating package script '/home/kuldip/assignment_ws/install/testbed_navigation/share/testbed_navigation/package.ps1'
[0.265s] INFO:colcon.colcon_core.shell:Creating package descriptor '/home/kuldip/assignment_ws/install/testbed_navigation/share/testbed_navigation/package.dsv'
[0.265s] INFO:colcon.colcon_core.shell:Creating package script '/home/kuldip/assignment_ws/install/testbed_navigation/share/testbed_navigation/package.sh'
[0.265s] INFO:colcon.colcon_core.shell:Creating package script '/home/kuldip/assignment_ws/install/testbed_navigation/share/testbed_navigation/package.bash'
[0.266s] INFO:colcon.colcon_core.shell:Creating package script '/home/kuldip/assignment_ws/install/testbed_navigation/share/testbed_navigation/package.zsh'
[0.266s] Level 1:colcon.colcon_core.environment:create_file_with_runtime_dependencies(/home/kuldip/assignment_ws/install/testbed_navigation/share/colcon-core/packages/testbed_navigation)
[0.266s] Level 1:colcon.colcon_core.environment:create_environment_scripts_only(testbed_navigation)
[0.266s] Level 1:colcon.colcon_core.environment:checking '/home/kuldip/assignment_ws/install/testbed_navigation' for CMake module files
[0.267s] Level 1:colcon.colcon_core.environment:checking '/home/kuldip/assignment_ws/install/testbed_navigation' for CMake config files
[0.267s] Level 1:colcon.colcon_core.shell:create_environment_hook('testbed_navigation', 'cmake_prefix_path')
[0.267s] INFO:colcon.colcon_core.shell:Creating environment hook '/home/kuldip/assignment_ws/install/testbed_navigation/share/testbed_navigation/hook/cmake_prefix_path.ps1'
[0.267s] INFO:colcon.colcon_core.shell:Creating environment descriptor '/home/kuldip/assignment_ws/install/testbed_navigation/share/testbed_navigation/hook/cmake_prefix_path.dsv'
[0.267s] INFO:colcon.colcon_core.shell:Creating environment hook '/home/kuldip/assignment_ws/install/testbed_navigation/share/testbed_navigation/hook/cmake_prefix_path.sh'
[0.267s] Level 1:colcon.colcon_core.environment:checking '/home/kuldip/assignment_ws/install/testbed_navigation/bin'
[0.268s] Level 1:colcon.colcon_core.environment:checking '/home/kuldip/assignment_ws/install/testbed_navigation/lib/pkgconfig/testbed_navigation.pc'
[0.268s] Level 1:colcon.colcon_core.environment:checking '/home/kuldip/assignment_ws/install/testbed_navigation/lib/python3.10/site-packages'
[0.268s] Level 1:colcon.colcon_core.environment:checking '/home/kuldip/assignment_ws/install/testbed_navigation/bin'
[0.268s] INFO:colcon.colcon_core.shell:Creating package script '/home/kuldip/assignment_ws/install/testbed_navigation/share/testbed_navigation/package.ps1'
[0.268s] INFO:colcon.colcon_core.shell:Creating package descriptor '/home/kuldip/assignment_ws/install/testbed_navigation/share/testbed_navigation/package.dsv'
[0.268s] INFO:colcon.colcon_core.shell:Creating package script '/home/kuldip/assignment_ws/install/testbed_navigation/share/testbed_navigation/package.sh'
[0.269s] INFO:colcon.colcon_core.shell:Creating package script '/home/kuldip/assignment_ws/install/testbed_navigation/share/testbed_navigation/package.bash'
[0.269s] INFO:colcon.colcon_core.shell:Creating package script '/home/kuldip/assignment_ws/install/testbed_navigation/share/testbed_navigation/package.zsh'
[0.269s] Level 1:colcon.colcon_core.environment:create_file_with_runtime_dependencies(/home/kuldip/assignment_ws/install/testbed_navigation/share/colcon-core/packages/testbed_navigation)
[0.269s] Level 1:colcon.colcon_core.environment:create_environment_scripts_only(testbed_bringup)
[0.269s] Level 1:colcon.colcon_core.environment:checking '/home/kuldip/assignment_ws/install/testbed_bringup' for CMake module files
[0.270s] Level 1:colcon.colcon_core.environment:checking '/home/kuldip/assignment_ws/install/testbed_bringup' for CMake config files
[0.270s] DEBUG:colcon.colcon_core.event_handler.log_command:Invoked command in '/home/kuldip/assignment_ws/build/testbed_bringup' returned '0': CMAKE_PREFIX_PATH=/opt/ros/humble /usr/bin/cmake --install /home/kuldip/assignment_ws/build/testbed_bringup
[0.270s] Level 1:colcon.colcon_core.shell:create_environment_hook('testbed_bringup', 'cmake_prefix_path')
[0.270s] INFO:colcon.colcon_core.shell:Creating environment hook '/home/kuldip/assignment_ws/install/testbed_bringup/share/testbed_bringup/hook/cmake_prefix_path.ps1'
[0.270s] INFO:colcon.colcon_core.shell:Creating environment descriptor '/home/kuldip/assignment_ws/install/testbed_bringup/share/testbed_bringup/hook/cmake_prefix_path.dsv'
[0.271s] INFO:colcon.colcon_core.shell:Creating environment hook '/home/kuldip/assignment_ws/install/testbed_bringup/share/testbed_bringup/hook/cmake_prefix_path.sh'
[0.271s] Level 1:colcon.colcon_core.environment:checking '/home/kuldip/assignment_ws/install/testbed_bringup/bin'
[0.271s] Level 1:colcon.colcon_core.environment:checking '/home/kuldip/assignment_ws/install/testbed_bringup/lib/pkgconfig/testbed_bringup.pc'
[0.271s] Level 1:colcon.colcon_core.environment:checking '/home/kuldip/assignment_ws/install/testbed_bringup/lib/python3.10/site-packages'
[0.271s] Level 1:colcon.colcon_core.environment:checking '/home/kuldip/assignment_ws/install/testbed_bringup/bin'
[0.272s] INFO:colcon.colcon_core.shell:Creating package script '/home/kuldip/assignment_ws/install/testbed_bringup/share/testbed_bringup/package.ps1'
[0.272s] INFO:colcon.colcon_core.shell:Creating package descriptor '/home/kuldip/assignment_ws/install/testbed_bringup/share/testbed_bringup/package.dsv'
[0.272s] INFO:colcon.colcon_core.shell:Creating package script '/home/kuldip/assignment_ws/install/testbed_bringup/share/testbed_bringup/package.sh'
[0.272s] INFO:colcon.colcon_core.shell:Creating package script '/home/kuldip/assignment_ws/install/testbed_bringup/share/testbed_bringup/package.bash'
[0.272s] INFO:colcon.colcon_core.shell:Creating package script '/home/kuldip/assignment_ws/install/testbed_bringup/share/testbed_bringup/package.zsh'
[0.272s] Level 1:colcon.colcon_core.environment:create_file_with_runtime_dependencies(/home/kuldip/assignment_ws/install/testbed_bringup/share/colcon-core/packages/testbed_bringup)
[0.273s] Level 1:colcon.colcon_core.environment:create_environment_scripts_only(testbed_bringup)
[0.273s] Level 1:colcon.colcon_core.environment:checking '/home/kuldip/assignment_ws/install/testbed_bringup' for CMake module files
[0.273s] Level 1:colcon.colcon_core.environment:checking '/home/kuldip/assignment_ws/install/testbed_bringup' for CMake config files
[0.273s] Level 1:colcon.colcon_core.shell:create_environment_hook('testbed_bringup', 'cmake_prefix_path')
[0.273s] INFO:colcon.colcon_core.shell:Creating environment hook '/home/kuldip/assignment_ws/install/testbed_bringup/share/testbed_bringup/hook/cmake_prefix_path.ps1'
[0.273s] INFO:colcon.colcon_core.shell:Creating environment descriptor '/home/kuldip/assignment_ws/install/testbed_bringup/share/testbed_bringup/hook/cmake_prefix_path.dsv'
[0.274s] INFO:colcon.colcon_core.shell:Creating environment hook '/home/kuldip/assignment_ws/install/testbed_bringup/share/testbed_bringup/hook/cmake_prefix_path.sh'
[0.274s] Level 1:colcon.colcon_core.environment:checking '/home/kuldip/assignment_ws/install/testbed_bringup/bin'
[0.274s] Level 1:colcon.colcon_core.environment:checking '/home/kuldip/assignment_ws/install/testbed_bringup/lib/pkgconfig/testbed_bringup.pc'
[0.274s] Level 1:colcon.colcon_core.environment:checking '/home/kuldip/assignment_ws/install/testbed_bringup/lib/python3.10/site-packages'
[0.274s] Level 1:colcon.colcon_core.environment:checking '/home/kuldip/assignment_ws/install/testbed_bringup/bin'
[0.274s] INFO:colcon.colcon_core.shell:Creating package script '/home/kuldip/assignment_ws/install/testbed_bringup/share/testbed_bringup/package.ps1'
[0.275s] INFO:colcon.colcon_core.shell:Creating package descriptor '/home/kuldip/assignment_ws/install/testbed_bringup/share/testbed_bringup/package.dsv'
[0.275s] INFO:colcon.colcon_core.shell:Creating package script '/home/kuldip/assignment_ws/install/testbed_bringup/share/testbed_bringup/package.sh'
[0.275s] INFO:colcon.colcon_core.shell:Creating package script '/home/kuldip/assignment_ws/install/testbed_bringup/share/testbed_bringup/package.bash'
[0.275s] INFO:colcon.colcon_core.shell:Creating package script '/home/kuldip/assignment_ws/install/testbed_bringup/share/testbed_bringup/package.zsh'
[0.276s] Level 1:colcon.colcon_core.environment:create_file_with_runtime_dependencies(/home/kuldip/assignment_ws/install/testbed_bringup/share/colcon-core/packages/testbed_bringup)
[0.276s] Level 1:colcon.colcon_core.environment:create_environment_scripts_only(testbed_description)
[0.276s] Level 1:colcon.colcon_core.environment:checking '/home/kuldip/assignment_ws/install/testbed_description' for CMake module files
[0.276s] DEBUG:colcon.colcon_core.event_handler.log_command:Invoked command in '/home/kuldip/assignment_ws/build/testbed_description' returned '0': CMAKE_PREFIX_PATH=/opt/ros/humble /usr/bin/cmake --install /home/kuldip/assignment_ws/build/testbed_description
[0.276s] Level 1:colcon.colcon_core.environment:checking '/home/kuldip/assignment_ws/install/testbed_description' for CMake config files
[0.277s] Level 1:colcon.colcon_core.shell:create_environment_hook('testbed_description', 'cmake_prefix_path')
[0.277s] INFO:colcon.colcon_core.shell:Creating environment hook '/home/kuldip/assignment_ws/install/testbed_description/share/testbed_description/hook/cmake_prefix_path.ps1'
[0.277s] INFO:colcon.colcon_core.shell:Creating environment descriptor '/home/kuldip/assignment_ws/install/testbed_description/share/testbed_description/hook/cmake_prefix_path.dsv'
[0.277s] INFO:colcon.colcon_core.shell:Creating environment hook '/home/kuldip/assignment_ws/install/testbed_description/share/testbed_description/hook/cmake_prefix_path.sh'
[0.277s] Level 1:colcon.colcon_core.environment:checking '/home/kuldip/assignment_ws/install/testbed_description/bin'
[0.277s] Level 1:colcon.colcon_core.environment:checking '/home/kuldip/assignment_ws/install/testbed_description/lib/pkgconfig/testbed_description.pc'
[0.277s] Level 1:colcon.colcon_core.environment:checking '/home/kuldip/assignment_ws/install/testbed_description/lib/python3.10/site-packages'
[0.278s] Level 1:colcon.colcon_core.environment:checking '/home/kuldip/assignment_ws/install/testbed_description/bin'
[0.278s] INFO:colcon.colcon_core.shell:Creating package script '/home/kuldip/assignment_ws/install/testbed_description/share/testbed_description/package.ps1'
[0.278s] INFO:colcon.colcon_core.shell:Creating package descriptor '/home/kuldip/assignment_ws/install/testbed_description/share/testbed_description/package.dsv'
[0.278s] INFO:colcon.colcon_core.shell:Creating package script '/home/kuldip/assignment_ws/install/testbed_description/share/testbed_description/package.sh'
[0.279s] INFO:colcon.colcon_core.shell:Creating package script '/home/kuldip/assignment_ws/install/testbed_description/share/testbed_description/package.bash'
[0.279s] INFO:colcon.colcon_core.shell:Creating package script '/home/kuldip/assignment_ws/install/testbed_description/share/testbed_description/package.zsh'
[0.279s] Level 1:colcon.colcon_core.environment:create_file_with_runtime_dependencies(/home/kuldip/assignment_ws/install/testbed_description/share/colcon-core/packages/testbed_description)
[0.279s] Level 1:colcon.colcon_core.environment:create_environment_scripts_only(testbed_description)
[0.279s] Level 1:colcon.colcon_core.environment:checking '/home/kuldip/assignment_ws/install/testbed_description' for CMake module files
[0.279s] Level 1:colcon.colcon_core.environment:checking '/home/kuldip/assignment_ws/install/testbed_description' for CMake config files
[0.280s] Level 1:colcon.colcon_core.shell:create_environment_hook('testbed_description', 'cmake_prefix_path')
[0.280s] INFO:colcon.colcon_core.shell:Creating environment hook '/home/kuldip/assignment_ws/install/testbed_description/share/testbed_description/hook/cmake_prefix_path.ps1'
[0.280s] INFO:colcon.colcon_core.shell:Creating environment descriptor '/home/kuldip/assignment_ws/install/testbed_description/share/testbed_description/hook/cmake_prefix_path.dsv'
[0.280s] INFO:colcon.colcon_core.shell:Creating environment hook '/home/kuldip/assignment_ws/install/testbed_description/share/testbed_description/hook/cmake_prefix_path.sh'
[0.280s] Level 1:colcon.colcon_core.environment:checking '/home/kuldip/assignment_ws/install/testbed_description/bin'
[0.280s] Level 1:colcon.colcon_core.environment:checking '/home/kuldip/assignment_ws/install/testbed_description/lib/pkgconfig/testbed_description.pc'
[0.280s] Level 1:colcon.colcon_core.environment:checking '/home/kuldip/assignment_ws/install/testbed_description/lib/python3.10/site-packages'
[0.281s] Level 1:colcon.colcon_core.environment:checking '/home/kuldip/assignment_ws/install/testbed_description/bin'
[0.281s] INFO:colcon.colcon_core.shell:Creating package script '/home/kuldip/assignment_ws/install/testbed_description/share/testbed_description/package.ps1'
[0.281s] INFO:colcon.colcon_core.shell:Creating package descriptor '/home/kuldip/assignment_ws/install/testbed_description/share/testbed_description/package.dsv'
[0.281s] INFO:colcon.colcon_core.shell:Creating package script '/home/kuldip/assignment_ws/install/testbed_description/share/testbed_description/package.sh'
[0.282s] INFO:colcon.colcon_core.shell:Creating package script '/home/kuldip/assignment_ws/install/testbed_description/share/testbed_description/package.bash'
[0.282s] INFO:colcon.colcon_core.shell:Creating package script '/home/kuldip/assignment_ws/install/testbed_description/share/testbed_description/package.zsh'
[0.282s] Level 1:colcon.colcon_core.environment:create_file_with_runtime_dependencies(/home/kuldip/assignment_ws/install/testbed_description/share/colcon-core/packages/testbed_description)
[0.282s] INFO:colcon.colcon_ros.task.ament_cmake.build:Building ROS package in '/home/kuldip/assignment_ws/src/l1-kuldipbirhade/testbed_gazebo' with build type 'ament_cmake'
[0.282s] INFO:colcon.colcon_cmake.task.cmake.build:Building CMake package in '/home/kuldip/assignment_ws/src/l1-kuldipbirhade/testbed_gazebo'
[0.283s] INFO:colcon.colcon_core.shell:Skip shell extension 'powershell' for command environment: Not usable outside of PowerShell
[0.283s] DEBUG:colcon.colcon_core.shell:Skip shell extension 'dsv' for command environment
[0.288s] DEBUG:colcon.colcon_core.event_handler.log_command:Invoking command in '/home/kuldip/assignment_ws/build/testbed_gazebo': AMENT_PREFIX_PATH=/home/kuldip/assignment_ws/install/testbed_description:${AMENT_PREFIX_PATH} CMAKE_PREFIX_PATH=/home/kuldip/assignment_ws/install/testbed_description:/opt/ros/humble /usr/bin/cmake --build /home/kuldip/assignment_ws/build/testbed_gazebo -- -j12 -l12
[0.316s] DEBUG:colcon.colcon_core.event_handler.log_command:Invoked command in '/home/kuldip/assignment_ws/build/testbed_gazebo' returned '0': AMENT_PREFIX_PATH=/home/kuldip/assignment_ws/install/testbed_description:${AMENT_PREFIX_PATH} CMAKE_PREFIX_PATH=/home/kuldip/assignment_ws/install/testbed_description:/opt/ros/humble /usr/bin/cmake --build /home/kuldip/assignment_ws/build/testbed_gazebo -- -j12 -l12
[0.316s] DEBUG:colcon.colcon_core.event_handler.log_command:Invoking command in '/home/kuldip/assignment_ws/build/testbed_gazebo': AMENT_PREFIX_PATH=/home/kuldip/assignment_ws/install/testbed_description:${AMENT_PREFIX_PATH} CMAKE_PREFIX_PATH=/home/kuldip/assignment_ws/install/testbed_description:/opt/ros/humble /usr/bin/cmake --install /home/kuldip/assignment_ws/build/testbed_gazebo
[0.326s] Level 1:colcon.colcon_core.environment:create_environment_scripts_only(testbed_gazebo)
[0.326s] DEBUG:colcon.colcon_core.event_handler.log_command:Invoked command in '/home/kuldip/assignment_ws/build/testbed_gazebo' returned '0': AMENT_PREFIX_PATH=/home/kuldip/assignment_ws/install/testbed_description:${AMENT_PREFIX_PATH} CMAKE_PREFIX_PATH=/home/kuldip/assignment_ws/install/testbed_description:/opt/ros/humble /usr/bin/cmake --install /home/kuldip/assignment_ws/build/testbed_gazebo
[0.327s] Level 1:colcon.colcon_core.environment:checking '/home/kuldip/assignment_ws/install/testbed_gazebo' for CMake module files
[0.327s] Level 1:colcon.colcon_core.environment:checking '/home/kuldip/assignment_ws/install/testbed_gazebo' for CMake config files
[0.327s] Level 1:colcon.colcon_core.shell:create_environment_hook('testbed_gazebo', 'cmake_prefix_path')
[0.327s] INFO:colcon.colcon_core.shell:Creating environment hook '/home/kuldip/assignment_ws/install/testbed_gazebo/share/testbed_gazebo/hook/cmake_prefix_path.ps1'
[0.328s] INFO:colcon.colcon_core.shell:Creating environment descriptor '/home/kuldip/assignment_ws/install/testbed_gazebo/share/testbed_gazebo/hook/cmake_prefix_path.dsv'
[0.328s] INFO:colcon.colcon_core.shell:Creating environment hook '/home/kuldip/assignment_ws/install/testbed_gazebo/share/testbed_gazebo/hook/cmake_prefix_path.sh'
[0.328s] Level 1:colcon.colcon_core.environment:checking '/home/kuldip/assignment_ws/install/testbed_gazebo/bin'
[0.328s] Level 1:colcon.colcon_core.environment:checking '/home/kuldip/assignment_ws/install/testbed_gazebo/lib/pkgconfig/testbed_gazebo.pc'
[0.328s] Level 1:colcon.colcon_core.environment:checking '/home/kuldip/assignment_ws/install/testbed_gazebo/lib/python3.10/site-packages'
[0.329s] Level 1:colcon.colcon_core.environment:checking '/home/kuldip/assignment_ws/install/testbed_gazebo/bin'
[0.329s] INFO:colcon.colcon_core.shell:Creating package script '/home/kuldip/assignment_ws/install/testbed_gazebo/share/testbed_gazebo/package.ps1'
[0.329s] INFO:colcon.colcon_core.shell:Creating package descriptor '/home/kuldip/assignment_ws/install/testbed_gazebo/share/testbed_gazebo/package.dsv'
[0.329s] INFO:colcon.colcon_core.shell:Creating package script '/home/kuldip/assignment_ws/install/testbed_gazebo/share/testbed_gazebo/package.sh'
[0.330s] INFO:colcon.colcon_core.shell:Creating package script '/home/kuldip/assignment_ws/install/testbed_gazebo/share/testbed_gazebo/package.bash'
[0.330s] INFO:colcon.colcon_core.shell:Creating package script '/home/kuldip/assignment_ws/install/testbed_gazebo/share/testbed_gazebo/package.zsh'
[0.330s] Level 1:colcon.colcon_core.environment:create_file_with_runtime_dependencies(/home/kuldip/assignment_ws/install/testbed_gazebo/share/colcon-core/packages/testbed_gazebo)
[0.330s] Level 1:colcon.colcon_core.environment:create_environment_scripts_only(testbed_gazebo)
[0.330s] Level 1:colcon.colcon_core.environment:checking '/home/kuldip/assignment_ws/install/testbed_gazebo' for CMake module files
[0.331s] Level 1:colcon.colcon_core.environment:checking '/home/kuldip/assignment_ws/install/testbed_gazebo' for CMake config files
[0.331s] Level 1:colcon.colcon_core.shell:create_environment_hook('testbed_gazebo', 'cmake_prefix_path')
[0.331s] INFO:colcon.colcon_core.shell:Creating environment hook '/home/kuldip/assignment_ws/install/testbed_gazebo/share/testbed_gazebo/hook/cmake_prefix_path.ps1'
[0.331s] INFO:colcon.colcon_core.shell:Creating environment descriptor '/home/kuldip/assignment_ws/install/testbed_gazebo/share/testbed_gazebo/hook/cmake_prefix_path.dsv'
[0.332s] INFO:colcon.colcon_core.shell:Creating environment hook '/home/kuldip/assignment_ws/install/testbed_gazebo/share/testbed_gazebo/hook/cmake_prefix_path.sh'
[0.332s] Level 1:colcon.colcon_core.environment:checking '/home/kuldip/assignment_ws/install/testbed_gazebo/bin'
[0.332s] Level 1:colcon.colcon_core.environment:checking '/home/kuldip/assignment_ws/install/testbed_gazebo/lib/pkgconfig/testbed_gazebo.pc'
[0.332s] Level 1:colcon.colcon_core.environment:checking '/home/kuldip/assignment_ws/install/testbed_gazebo/lib/python3.10/site-packages'
[0.332s] Level 1:colcon.colcon_core.environment:checking '/home/kuldip/assignment_ws/install/testbed_gazebo/bin'
[0.333s] INFO:colcon.colcon_core.shell:Creating package script '/home/kuldip/assignment_ws/install/testbed_gazebo/share/testbed_gazebo/package.ps1'
[0.333s] INFO:colcon.colcon_core.shell:Creating package descriptor '/home/kuldip/assignment_ws/install/testbed_gazebo/share/testbed_gazebo/package.dsv'
[0.333s] INFO:colcon.colcon_core.shell:Creating package script '/home/kuldip/assignment_ws/install/testbed_gazebo/share/testbed_gazebo/package.sh'
[0.333s] INFO:colcon.colcon_core.shell:Creating package script '/home/kuldip/assignment_ws/install/testbed_gazebo/share/testbed_gazebo/package.bash'
[0.333s] INFO:colcon.colcon_core.shell:Creating package script '/home/kuldip/assignment_ws/install/testbed_gazebo/share/testbed_gazebo/package.zsh'
[0.334s] Level 1:colcon.colcon_core.environment:create_file_with_runtime_dependencies(/home/kuldip/assignment_ws/install/testbed_gazebo/share/colcon-core/packages/testbed_gazebo)
[0.334s] DEBUG:colcon.colcon_parallel_executor.executor.parallel:closing loop
[0.334s] DEBUG:colcon.colcon_parallel_executor.executor.parallel:loop closed
[0.334s] DEBUG:colcon.colcon_parallel_executor.executor.parallel:run_until_complete finished with '0'
[0.334s] DEBUG:colcon.colcon_core.event_reactor:joining thread
[0.337s] INFO:colcon.colcon_core.plugin_system:Skipping extension 'colcon_notification.desktop_notification.terminal_notifier': Not used on non-Darwin systems
[0.337s] INFO:colcon.colcon_core.plugin_system:Skipping extension 'colcon_notification.desktop_notification.win32': Not used on non-Windows systems
[0.337s] INFO:colcon.colcon_notification.desktop_notification:Sending desktop notification using 'notify2'
[0.344s] DEBUG:colcon.colcon_core.event_reactor:joined thread
[0.345s] INFO:colcon.colcon_core.shell:Creating prefix script '/home/kuldip/assignment_ws/install/local_setup.ps1'
[0.346s] INFO:colcon.colcon_core.shell:Creating prefix util module '/home/kuldip/assignment_ws/install/_local_setup_util_ps1.py'
[0.347s] INFO:colcon.colcon_core.shell:Creating prefix chain script '/home/kuldip/assignment_ws/install/setup.ps1'
[0.348s] INFO:colcon.colcon_core.shell:Creating prefix script '/home/kuldip/assignment_ws/install/local_setup.sh'
[0.348s] INFO:colcon.colcon_core.shell:Creating prefix util module '/home/kuldip/assignment_ws/install/_local_setup_util_sh.py'
[0.349s] INFO:colcon.colcon_core.shell:Creating prefix chain script '/home/kuldip/assignment_ws/install/setup.sh'
[0.350s] INFO:colcon.colcon_core.shell:Creating prefix script '/home/kuldip/assignment_ws/install/local_setup.bash'
[0.350s] INFO:colcon.colcon_core.shell:Creating prefix chain script '/home/kuldip/assignment_ws/install/setup.bash'
[0.351s] INFO:colcon.colcon_core.shell:Creating prefix script '/home/kuldip/assignment_ws/install/local_setup.zsh'
[0.351s] INFO:colcon.colcon_core.shell:Creating prefix chain script '/home/kuldip/assignment_ws/install/setup.zsh'
