[0.113s] DEBUG:colcon:Command line arguments: ['/usr/bin/colcon', 'build']
[0.113s] DEBUG:colcon:Parsed command line arguments: Namespace(log_base=None, log_level=None, verb_name='build', build_base='build', install_base='install', merge_install=False, symlink_install=False, test_result_base=None, continue_on_error=False, executor='parallel', parallel_workers=12, event_handlers=None, ignore_user_meta=False, metas=['./colcon.meta'], base_paths=['.'], packages_ignore=None, packages_ignore_regex=None, paths=None, packages_up_to=None, packages_up_to_regex=None, packages_above=None, packages_above_and_dependencies=None, packages_above_depth=None, packages_select_by_dep=None, packages_skip_by_dep=None, packages_skip_up_to=None, packages_select_build_failed=False, packages_skip_build_finished=False, packages_select_test_failures=False, packages_skip_test_passed=False, packages_select=None, packages_skip=None, packages_select_regex=None, packages_skip_regex=None, packages_start=None, packages_end=None, allow_overriding=[], cmake_args=None, cmake_target=None, cmake_target_skip_unavailable=False, cmake_clean_cache=False, cmake_clean_first=False, cmake_force_configure=False, ament_cmake_args=None, catkin_cmake_args=None, catkin_skip_building_tests=False, mixin_files=None, mixin=None, verb_parser=<colcon_mixin.mixin.mixin_argument.MixinArgumentDecorator object at 0x79e10c165690>, verb_extension=<colcon_core.verb.build.BuildVerb object at 0x79e10c164a30>, main=<bound method BuildVerb.main of <colcon_core.verb.build.BuildVerb object at 0x79e10c164a30>>, mixin_verb=('build',))
[0.229s] Level 1:colcon.colcon_core.package_discovery:discover_packages(colcon_meta) check parameters
[0.229s] Level 1:colcon.colcon_core.package_discovery:discover_packages(recursive) check parameters
[0.229s] Level 1:colcon.colcon_core.package_discovery:discover_packages(ignore) check parameters
[0.229s] Level 1:colcon.colcon_core.package_discovery:discover_packages(path) check parameters
[0.229s] Level 1:colcon.colcon_core.package_discovery:discover_packages(colcon_meta) discover
[0.229s] Level 1:colcon.colcon_core.package_discovery:discover_packages(recursive) discover
[0.229s] INFO:colcon.colcon_core.package_discovery:Crawling recursively for packages in '/home/kuldip/assignment_ws'
[0.229s] Level 1:colcon.colcon_core.package_identification:_identify(.) by extensions ['ignore', 'ignore_ament_install']
[0.229s] Level 1:colcon.colcon_core.package_identification:_identify(.) by extension 'ignore'
[0.229s] Level 1:colcon.colcon_core.package_identification:_identify(.) by extension 'ignore_ament_install'
[0.229s] Level 1:colcon.colcon_core.package_identification:_identify(.) by extensions ['colcon_pkg']
[0.229s] Level 1:colcon.colcon_core.package_identification:_identify(.) by extension 'colcon_pkg'
[0.229s] Level 1:colcon.colcon_core.package_identification:_identify(.) by extensions ['colcon_meta']
[0.229s] Level 1:colcon.colcon_core.package_identification:_identify(.) by extension 'colcon_meta'
[0.229s] Level 1:colcon.colcon_core.package_identification:_identify(.) by extensions ['ros']
[0.229s] Level 1:colcon.colcon_core.package_identification:_identify(.) by extension 'ros'
[0.236s] Level 1:colcon.colcon_core.package_identification:_identify(.) by extensions ['cmake', 'python']
[0.236s] Level 1:colcon.colcon_core.package_identification:_identify(.) by extension 'cmake'
[0.236s] Level 1:colcon.colcon_core.package_identification:_identify(.) by extension 'python'
[0.236s] Level 1:colcon.colcon_core.package_identification:_identify(.) by extensions ['python_setup_py']
[0.237s] Level 1:colcon.colcon_core.package_identification:_identify(.) by extension 'python_setup_py'
[0.237s] Level 1:colcon.colcon_core.package_identification:_identify(build) by extensions ['ignore', 'ignore_ament_install']
[0.237s] Level 1:colcon.colcon_core.package_identification:_identify(build) by extension 'ignore'
[0.237s] Level 1:colcon.colcon_core.package_identification:_identify(build) ignored
[0.237s] Level 1:colcon.colcon_core.package_identification:_identify(install) by extensions ['ignore', 'ignore_ament_install']
[0.237s] Level 1:colcon.colcon_core.package_identification:_identify(install) by extension 'ignore'
[0.237s] Level 1:colcon.colcon_core.package_identification:_identify(install) ignored
[0.237s] Level 1:colcon.colcon_core.package_identification:_identify(log) by extensions ['ignore', 'ignore_ament_install']
[0.237s] Level 1:colcon.colcon_core.package_identification:_identify(log) by extension 'ignore'
[0.237s] Level 1:colcon.colcon_core.package_identification:_identify(log) ignored
[0.237s] Level 1:colcon.colcon_core.package_identification:_identify(src) by extensions ['ignore', 'ignore_ament_install']
[0.237s] Level 1:colcon.colcon_core.package_identification:_identify(src) by extension 'ignore'
[0.237s] Level 1:colcon.colcon_core.package_identification:_identify(src) by extension 'ignore_ament_install'
[0.237s] Level 1:colcon.colcon_core.package_identification:_identify(src) by extensions ['colcon_pkg']
[0.237s] Level 1:colcon.colcon_core.package_identification:_identify(src) by extension 'colcon_pkg'
[0.237s] Level 1:colcon.colcon_core.package_identification:_identify(src) by extensions ['colcon_meta']
[0.237s] Level 1:colcon.colcon_core.package_identification:_identify(src) by extension 'colcon_meta'
[0.237s] Level 1:colcon.colcon_core.package_identification:_identify(src) by extensions ['ros']
[0.237s] Level 1:colcon.colcon_core.package_identification:_identify(src) by extension 'ros'
[0.237s] Level 1:colcon.colcon_core.package_identification:_identify(src) by extensions ['cmake', 'python']
[0.237s] Level 1:colcon.colcon_core.package_identification:_identify(src) by extension 'cmake'
[0.237s] Level 1:colcon.colcon_core.package_identification:_identify(src) by extension 'python'
[0.237s] Level 1:colcon.colcon_core.package_identification:_identify(src) by extensions ['python_setup_py']
[0.237s] Level 1:colcon.colcon_core.package_identification:_identify(src) by extension 'python_setup_py'
[0.237s] Level 1:colcon.colcon_core.package_identification:_identify(src/l1-kuldipbirhade) by extensions ['ignore', 'ignore_ament_install']
[0.237s] Level 1:colcon.colcon_core.package_identification:_identify(src/l1-kuldipbirhade) by extension 'ignore'
[0.237s] Level 1:colcon.colcon_core.package_identification:_identify(src/l1-kuldipbirhade) by extension 'ignore_ament_install'
[0.237s] Level 1:colcon.colcon_core.package_identification:_identify(src/l1-kuldipbirhade) by extensions ['colcon_pkg']
[0.237s] Level 1:colcon.colcon_core.package_identification:_identify(src/l1-kuldipbirhade) by extension 'colcon_pkg'
[0.237s] Level 1:colcon.colcon_core.package_identification:_identify(src/l1-kuldipbirhade) by extensions ['colcon_meta']
[0.237s] Level 1:colcon.colcon_core.package_identification:_identify(src/l1-kuldipbirhade) by extension 'colcon_meta'
[0.237s] Level 1:colcon.colcon_core.package_identification:_identify(src/l1-kuldipbirhade) by extensions ['ros']
[0.237s] Level 1:colcon.colcon_core.package_identification:_identify(src/l1-kuldipbirhade) by extension 'ros'
[0.237s] Level 1:colcon.colcon_core.package_identification:_identify(src/l1-kuldipbirhade) by extensions ['cmake', 'python']
[0.237s] Level 1:colcon.colcon_core.package_identification:_identify(src/l1-kuldipbirhade) by extension 'cmake'
[0.237s] Level 1:colcon.colcon_core.package_identification:_identify(src/l1-kuldipbirhade) by extension 'python'
[0.237s] Level 1:colcon.colcon_core.package_identification:_identify(src/l1-kuldipbirhade) by extensions ['python_setup_py']
[0.237s] Level 1:colcon.colcon_core.package_identification:_identify(src/l1-kuldipbirhade) by extension 'python_setup_py'
[0.238s] Level 1:colcon.colcon_core.package_identification:_identify(src/l1-kuldipbirhade/testbed_bringup) by extensions ['ignore', 'ignore_ament_install']
[0.238s] Level 1:colcon.colcon_core.package_identification:_identify(src/l1-kuldipbirhade/testbed_bringup) by extension 'ignore'
[0.238s] Level 1:colcon.colcon_core.package_identification:_identify(src/l1-kuldipbirhade/testbed_bringup) by extension 'ignore_ament_install'
[0.238s] Level 1:colcon.colcon_core.package_identification:_identify(src/l1-kuldipbirhade/testbed_bringup) by extensions ['colcon_pkg']
[0.238s] Level 1:colcon.colcon_core.package_identification:_identify(src/l1-kuldipbirhade/testbed_bringup) by extension 'colcon_pkg'
[0.238s] Level 1:colcon.colcon_core.package_identification:_identify(src/l1-kuldipbirhade/testbed_bringup) by extensions ['colcon_meta']
[0.238s] Level 1:colcon.colcon_core.package_identification:_identify(src/l1-kuldipbirhade/testbed_bringup) by extension 'colcon_meta'
[0.238s] Level 1:colcon.colcon_core.package_identification:_identify(src/l1-kuldipbirhade/testbed_bringup) by extensions ['ros']
[0.238s] Level 1:colcon.colcon_core.package_identification:_identify(src/l1-kuldipbirhade/testbed_bringup) by extension 'ros'
[0.239s] DEBUG:colcon.colcon_core.package_identification:Package 'src/l1-kuldipbirhade/testbed_bringup' with type 'ros.ament_cmake' and name 'testbed_bringup'
[0.239s] Level 1:colcon.colcon_core.package_identification:_identify(src/l1-kuldipbirhade/testbed_description) by extensions ['ignore', 'ignore_ament_install']
[0.239s] Level 1:colcon.colcon_core.package_identification:_identify(src/l1-kuldipbirhade/testbed_description) by extension 'ignore'
[0.239s] Level 1:colcon.colcon_core.package_identification:_identify(src/l1-kuldipbirhade/testbed_description) by extension 'ignore_ament_install'
[0.239s] Level 1:colcon.colcon_core.package_identification:_identify(src/l1-kuldipbirhade/testbed_description) by extensions ['colcon_pkg']
[0.239s] Level 1:colcon.colcon_core.package_identification:_identify(src/l1-kuldipbirhade/testbed_description) by extension 'colcon_pkg'
[0.239s] Level 1:colcon.colcon_core.package_identification:_identify(src/l1-kuldipbirhade/testbed_description) by extensions ['colcon_meta']
[0.239s] Level 1:colcon.colcon_core.package_identification:_identify(src/l1-kuldipbirhade/testbed_description) by extension 'colcon_meta'
[0.239s] Level 1:colcon.colcon_core.package_identification:_identify(src/l1-kuldipbirhade/testbed_description) by extensions ['ros']
[0.240s] Level 1:colcon.colcon_core.package_identification:_identify(src/l1-kuldipbirhade/testbed_description) by extension 'ros'
[0.240s] DEBUG:colcon.colcon_core.package_identification:Package 'src/l1-kuldipbirhade/testbed_description' with type 'ros.ament_cmake' and name 'testbed_description'
[0.240s] Level 1:colcon.colcon_core.package_identification:_identify(src/l1-kuldipbirhade/testbed_gazebo) by extensions ['ignore', 'ignore_ament_install']
[0.240s] Level 1:colcon.colcon_core.package_identification:_identify(src/l1-kuldipbirhade/testbed_gazebo) by extension 'ignore'
[0.240s] Level 1:colcon.colcon_core.package_identification:_identify(src/l1-kuldipbirhade/testbed_gazebo) by extension 'ignore_ament_install'
[0.240s] Level 1:colcon.colcon_core.package_identification:_identify(src/l1-kuldipbirhade/testbed_gazebo) by extensions ['colcon_pkg']
[0.240s] Level 1:colcon.colcon_core.package_identification:_identify(src/l1-kuldipbirhade/testbed_gazebo) by extension 'colcon_pkg'
[0.240s] Level 1:colcon.colcon_core.package_identification:_identify(src/l1-kuldipbirhade/testbed_gazebo) by extensions ['colcon_meta']
[0.240s] Level 1:colcon.colcon_core.package_identification:_identify(src/l1-kuldipbirhade/testbed_gazebo) by extension 'colcon_meta'
[0.240s] Level 1:colcon.colcon_core.package_identification:_identify(src/l1-kuldipbirhade/testbed_gazebo) by extensions ['ros']
[0.240s] Level 1:colcon.colcon_core.package_identification:_identify(src/l1-kuldipbirhade/testbed_gazebo) by extension 'ros'
[0.240s] DEBUG:colcon.colcon_core.package_identification:Package 'src/l1-kuldipbirhade/testbed_gazebo' with type 'ros.ament_cmake' and name 'testbed_gazebo'
[0.241s] Level 1:colcon.colcon_core.package_identification:_identify(src/testbed_navigation) by extensions ['ignore', 'ignore_ament_install']
[0.241s] Level 1:colcon.colcon_core.package_identification:_identify(src/testbed_navigation) by extension 'ignore'
[0.241s] Level 1:colcon.colcon_core.package_identification:_identify(src/testbed_navigation) by extension 'ignore_ament_install'
[0.241s] Level 1:colcon.colcon_core.package_identification:_identify(src/testbed_navigation) by extensions ['colcon_pkg']
[0.241s] Level 1:colcon.colcon_core.package_identification:_identify(src/testbed_navigation) by extension 'colcon_pkg'
[0.241s] Level 1:colcon.colcon_core.package_identification:_identify(src/testbed_navigation) by extensions ['colcon_meta']
[0.241s] Level 1:colcon.colcon_core.package_identification:_identify(src/testbed_navigation) by extension 'colcon_meta'
[0.241s] Level 1:colcon.colcon_core.package_identification:_identify(src/testbed_navigation) by extensions ['ros']
[0.241s] Level 1:colcon.colcon_core.package_identification:_identify(src/testbed_navigation) by extension 'ros'
[0.241s] DEBUG:colcon.colcon_core.package_identification:Package 'src/testbed_navigation' with type 'ros.ament_cmake' and name 'testbed_navigation'
[0.241s] Level 1:colcon.colcon_core.package_discovery:discover_packages(recursive) using defaults
[0.241s] Level 1:colcon.colcon_core.package_discovery:discover_packages(ignore) discover
[0.241s] Level 1:colcon.colcon_core.package_discovery:discover_packages(ignore) using defaults
[0.241s] Level 1:colcon.colcon_core.package_discovery:discover_packages(path) discover
[0.241s] Level 1:colcon.colcon_core.package_discovery:discover_packages(path) using defaults
[0.262s] Level 1:colcon.colcon_core.package_discovery:discover_packages(prefix_path) check parameters
[0.262s] Level 1:colcon.colcon_core.package_discovery:discover_packages(prefix_path) discover
[0.264s] DEBUG:colcon.colcon_installed_package_information.package_discovery:Found 432 installed packages in /opt/ros/humble
[0.265s] Level 1:colcon.colcon_core.package_discovery:discover_packages(prefix_path) using defaults
[0.292s] Level 5:colcon.colcon_core.verb:set package 'testbed_bringup' build argument 'cmake_args' from command line to 'None'
[0.292s] Level 5:colcon.colcon_core.verb:set package 'testbed_bringup' build argument 'cmake_target' from command line to 'None'
[0.292s] Level 5:colcon.colcon_core.verb:set package 'testbed_bringup' build argument 'cmake_target_skip_unavailable' from command line to 'False'
[0.292s] Level 5:colcon.colcon_core.verb:set package 'testbed_bringup' build argument 'cmake_clean_cache' from command line to 'False'
[0.292s] Level 5:colcon.colcon_core.verb:set package 'testbed_bringup' build argument 'cmake_clean_first' from command line to 'False'
[0.292s] Level 5:colcon.colcon_core.verb:set package 'testbed_bringup' build argument 'cmake_force_configure' from command line to 'False'
[0.292s] Level 5:colcon.colcon_core.verb:set package 'testbed_bringup' build argument 'ament_cmake_args' from command line to 'None'
[0.292s] Level 5:colcon.colcon_core.verb:set package 'testbed_bringup' build argument 'catkin_cmake_args' from command line to 'None'
[0.292s] Level 5:colcon.colcon_core.verb:set package 'testbed_bringup' build argument 'catkin_skip_building_tests' from command line to 'False'
[0.292s] DEBUG:colcon.colcon_core.verb:Building package 'testbed_bringup' with the following arguments: {'ament_cmake_args': None, 'build_base': '/home/kuldip/assignment_ws/build/testbed_bringup', 'catkin_cmake_args': None, 'catkin_skip_building_tests': False, 'cmake_args': None, 'cmake_clean_cache': False, 'cmake_clean_first': False, 'cmake_force_configure': False, 'cmake_target': None, 'cmake_target_skip_unavailable': False, 'install_base': '/home/kuldip/assignment_ws/install/testbed_bringup', 'merge_install': False, 'path': '/home/kuldip/assignment_ws/src/l1-kuldipbirhade/testbed_bringup', 'symlink_install': False, 'test_result_base': None}
[0.292s] Level 5:colcon.colcon_core.verb:set package 'testbed_description' build argument 'cmake_args' from command line to 'None'
[0.292s] Level 5:colcon.colcon_core.verb:set package 'testbed_description' build argument 'cmake_target' from command line to 'None'
[0.292s] Level 5:colcon.colcon_core.verb:set package 'testbed_description' build argument 'cmake_target_skip_unavailable' from command line to 'False'
[0.292s] Level 5:colcon.colcon_core.verb:set package 'testbed_description' build argument 'cmake_clean_cache' from command line to 'False'
[0.292s] Level 5:colcon.colcon_core.verb:set package 'testbed_description' build argument 'cmake_clean_first' from command line to 'False'
[0.292s] Level 5:colcon.colcon_core.verb:set package 'testbed_description' build argument 'cmake_force_configure' from command line to 'False'
[0.292s] Level 5:colcon.colcon_core.verb:set package 'testbed_description' build argument 'ament_cmake_args' from command line to 'None'
[0.292s] Level 5:colcon.colcon_core.verb:set package 'testbed_description' build argument 'catkin_cmake_args' from command line to 'None'
[0.292s] Level 5:colcon.colcon_core.verb:set package 'testbed_description' build argument 'catkin_skip_building_tests' from command line to 'False'
[0.292s] DEBUG:colcon.colcon_core.verb:Building package 'testbed_description' with the following arguments: {'ament_cmake_args': None, 'build_base': '/home/kuldip/assignment_ws/build/testbed_description', 'catkin_cmake_args': None, 'catkin_skip_building_tests': False, 'cmake_args': None, 'cmake_clean_cache': False, 'cmake_clean_first': False, 'cmake_force_configure': False, 'cmake_target': None, 'cmake_target_skip_unavailable': False, 'install_base': '/home/kuldip/assignment_ws/install/testbed_description', 'merge_install': False, 'path': '/home/kuldip/assignment_ws/src/l1-kuldipbirhade/testbed_description', 'symlink_install': False, 'test_result_base': None}
[0.292s] Level 5:colcon.colcon_core.verb:set package 'testbed_navigation' build argument 'cmake_args' from command line to 'None'
[0.292s] Level 5:colcon.colcon_core.verb:set package 'testbed_navigation' build argument 'cmake_target' from command line to 'None'
[0.292s] Level 5:colcon.colcon_core.verb:set package 'testbed_navigation' build argument 'cmake_target_skip_unavailable' from command line to 'False'
[0.292s] Level 5:colcon.colcon_core.verb:set package 'testbed_navigation' build argument 'cmake_clean_cache' from command line to 'False'
[0.292s] Level 5:colcon.colcon_core.verb:set package 'testbed_navigation' build argument 'cmake_clean_first' from command line to 'False'
[0.292s] Level 5:colcon.colcon_core.verb:set package 'testbed_navigation' build argument 'cmake_force_configure' from command line to 'False'
[0.292s] Level 5:colcon.colcon_core.verb:set package 'testbed_navigation' build argument 'ament_cmake_args' from command line to 'None'
[0.292s] Level 5:colcon.colcon_core.verb:set package 'testbed_navigation' build argument 'catkin_cmake_args' from command line to 'None'
[0.292s] Level 5:colcon.colcon_core.verb:set package 'testbed_navigation' build argument 'catkin_skip_building_tests' from command line to 'False'
[0.292s] DEBUG:colcon.colcon_core.verb:Building package 'testbed_navigation' with the following arguments: {'ament_cmake_args': None, 'build_base': '/home/kuldip/assignment_ws/build/testbed_navigation', 'catkin_cmake_args': None, 'catkin_skip_building_tests': False, 'cmake_args': None, 'cmake_clean_cache': False, 'cmake_clean_first': False, 'cmake_force_configure': False, 'cmake_target': None, 'cmake_target_skip_unavailable': False, 'install_base': '/home/kuldip/assignment_ws/install/testbed_navigation', 'merge_install': False, 'path': '/home/kuldip/assignment_ws/src/testbed_navigation', 'symlink_install': False, 'test_result_base': None}
[0.292s] Level 5:colcon.colcon_core.verb:set package 'testbed_gazebo' build argument 'cmake_args' from command line to 'None'
[0.292s] Level 5:colcon.colcon_core.verb:set package 'testbed_gazebo' build argument 'cmake_target' from command line to 'None'
[0.292s] Level 5:colcon.colcon_core.verb:set package 'testbed_gazebo' build argument 'cmake_target_skip_unavailable' from command line to 'False'
[0.292s] Level 5:colcon.colcon_core.verb:set package 'testbed_gazebo' build argument 'cmake_clean_cache' from command line to 'False'
[0.292s] Level 5:colcon.colcon_core.verb:set package 'testbed_gazebo' build argument 'cmake_clean_first' from command line to 'False'
[0.292s] Level 5:colcon.colcon_core.verb:set package 'testbed_gazebo' build argument 'cmake_force_configure' from command line to 'False'
[0.293s] Level 5:colcon.colcon_core.verb:set package 'testbed_gazebo' build argument 'ament_cmake_args' from command line to 'None'
[0.293s] Level 5:colcon.colcon_core.verb:set package 'testbed_gazebo' build argument 'catkin_cmake_args' from command line to 'None'
[0.293s] Level 5:colcon.colcon_core.verb:set package 'testbed_gazebo' build argument 'catkin_skip_building_tests' from command line to 'False'
[0.293s] DEBUG:colcon.colcon_core.verb:Building package 'testbed_gazebo' with the following arguments: {'ament_cmake_args': None, 'build_base': '/home/kuldip/assignment_ws/build/testbed_gazebo', 'catkin_cmake_args': None, 'catkin_skip_building_tests': False, 'cmake_args': None, 'cmake_clean_cache': False, 'cmake_clean_first': False, 'cmake_force_configure': False, 'cmake_target': None, 'cmake_target_skip_unavailable': False, 'install_base': '/home/kuldip/assignment_ws/install/testbed_gazebo', 'merge_install': False, 'path': '/home/kuldip/assignment_ws/src/l1-kuldipbirhade/testbed_gazebo', 'symlink_install': False, 'test_result_base': None}
[0.293s] INFO:colcon.colcon_core.executor:Executing jobs using 'parallel' executor
[0.293s] DEBUG:colcon.colcon_parallel_executor.executor.parallel:run_until_complete
[0.293s] INFO:colcon.colcon_ros.task.ament_cmake.build:Building ROS package in '/home/kuldip/assignment_ws/src/l1-kuldipbirhade/testbed_description' with build type 'ament_cmake'
[0.294s] INFO:colcon.colcon_cmake.task.cmake.build:Building CMake package in '/home/kuldip/assignment_ws/src/l1-kuldipbirhade/testbed_description'
[0.295s] INFO:colcon.colcon_core.plugin_system:Skipping extension 'colcon_core.shell.bat': Not used on non-Windows systems
[0.295s] INFO:colcon.colcon_core.shell:Skip shell extension 'powershell' for command environment: Not usable outside of PowerShell
[0.295s] DEBUG:colcon.colcon_core.shell:Skip shell extension 'dsv' for command environment
[0.297s] INFO:colcon.colcon_ros.task.ament_cmake.build:Building ROS package in '/home/kuldip/assignment_ws/src/l1-kuldipbirhade/testbed_bringup' with build type 'ament_cmake'
[0.297s] INFO:colcon.colcon_cmake.task.cmake.build:Building CMake package in '/home/kuldip/assignment_ws/src/l1-kuldipbirhade/testbed_bringup'
[0.298s] INFO:colcon.colcon_core.shell:Skip shell extension 'powershell' for command environment: Not usable outside of PowerShell
[0.298s] DEBUG:colcon.colcon_core.shell:Skip shell extension 'dsv' for command environment
[0.300s] INFO:colcon.colcon_ros.task.ament_cmake.build:Building ROS package in '/home/kuldip/assignment_ws/src/testbed_navigation' with build type 'ament_cmake'
[0.300s] INFO:colcon.colcon_cmake.task.cmake.build:Building CMake package in '/home/kuldip/assignment_ws/src/testbed_navigation'
[0.300s] INFO:colcon.colcon_core.shell:Skip shell extension 'powershell' for command environment: Not usable outside of PowerShell
[0.300s] DEBUG:colcon.colcon_core.shell:Skip shell extension 'dsv' for command environment
[0.304s] DEBUG:colcon.colcon_core.event_handler.log_command:Invoking command in '/home/kuldip/assignment_ws/build/testbed_description': CMAKE_PREFIX_PATH=/opt/ros/humble /usr/bin/cmake --build /home/kuldip/assignment_ws/build/testbed_description -- -j12 -l12
[0.306s] DEBUG:colcon.colcon_core.event_handler.log_command:Invoking command in '/home/kuldip/assignment_ws/build/testbed_bringup': CMAKE_PREFIX_PATH=/opt/ros/humble /usr/bin/cmake --build /home/kuldip/assignment_ws/build/testbed_bringup -- -j12 -l12
[0.308s] DEBUG:colcon.colcon_core.event_handler.log_command:Invoking command in '/home/kuldip/assignment_ws/build/testbed_navigation': CMAKE_PREFIX_PATH=/opt/ros/humble /usr/bin/cmake --build /home/kuldip/assignment_ws/build/testbed_navigation -- -j12 -l12
[0.340s] DEBUG:colcon.colcon_core.event_handler.log_command:Invoked command in '/home/kuldip/assignment_ws/build/testbed_bringup' returned '0': CMAKE_PREFIX_PATH=/opt/ros/humble /usr/bin/cmake --build /home/kuldip/assignment_ws/build/testbed_bringup -- -j12 -l12
[0.348s] DEBUG:colcon.colcon_core.event_handler.log_command:Invoking command in '/home/kuldip/assignment_ws/build/testbed_bringup': CMAKE_PREFIX_PATH=/opt/ros/humble /usr/bin/cmake --install /home/kuldip/assignment_ws/build/testbed_bringup
[0.348s] DEBUG:colcon.colcon_core.event_handler.log_command:Invoked command in '/home/kuldip/assignment_ws/build/testbed_description' returned '0': CMAKE_PREFIX_PATH=/opt/ros/humble /usr/bin/cmake --build /home/kuldip/assignment_ws/build/testbed_description -- -j12 -l12
[0.349s] DEBUG:colcon.colcon_core.event_handler.log_command:Invoking command in '/home/kuldip/assignment_ws/build/testbed_description': CMAKE_PREFIX_PATH=/opt/ros/humble /usr/bin/cmake --install /home/kuldip/assignment_ws/build/testbed_description
[0.350s] DEBUG:colcon.colcon_core.event_handler.log_command:Invoked command in '/home/kuldip/assignment_ws/build/testbed_navigation' returned '0': CMAKE_PREFIX_PATH=/opt/ros/humble /usr/bin/cmake --build /home/kuldip/assignment_ws/build/testbed_navigation -- -j12 -l12
[0.351s] DEBUG:colcon.colcon_core.event_handler.log_command:Invoking command in '/home/kuldip/assignment_ws/build/testbed_navigation': CMAKE_PREFIX_PATH=/opt/ros/humble /usr/bin/cmake --install /home/kuldip/assignment_ws/build/testbed_navigation
[0.358s] Level 1:colcon.colcon_core.environment:create_environment_scripts_only(testbed_bringup)
[0.358s] DEBUG:colcon.colcon_core.event_handler.log_command:Invoked command in '/home/kuldip/assignment_ws/build/testbed_bringup' returned '0': CMAKE_PREFIX_PATH=/opt/ros/humble /usr/bin/cmake --install /home/kuldip/assignment_ws/build/testbed_bringup
[0.360s] Level 1:colcon.colcon_core.environment:checking '/home/kuldip/assignment_ws/install/testbed_bringup' for CMake module files
[0.360s] Level 1:colcon.colcon_core.environment:checking '/home/kuldip/assignment_ws/install/testbed_bringup' for CMake config files
[0.360s] Level 1:colcon.colcon_core.shell:create_environment_hook('testbed_bringup', 'cmake_prefix_path')
[0.361s] INFO:colcon.colcon_core.shell:Creating environment hook '/home/kuldip/assignment_ws/install/testbed_bringup/share/testbed_bringup/hook/cmake_prefix_path.ps1'
[0.361s] INFO:colcon.colcon_core.shell:Creating environment descriptor '/home/kuldip/assignment_ws/install/testbed_bringup/share/testbed_bringup/hook/cmake_prefix_path.dsv'
[0.361s] INFO:colcon.colcon_core.shell:Creating environment hook '/home/kuldip/assignment_ws/install/testbed_bringup/share/testbed_bringup/hook/cmake_prefix_path.sh'
[0.362s] Level 1:colcon.colcon_core.environment:checking '/home/kuldip/assignment_ws/install/testbed_bringup/bin'
[0.362s] Level 1:colcon.colcon_core.environment:checking '/home/kuldip/assignment_ws/install/testbed_bringup/lib/pkgconfig/testbed_bringup.pc'
[0.362s] Level 1:colcon.colcon_core.environment:checking '/home/kuldip/assignment_ws/install/testbed_bringup/lib/python3.10/site-packages'
[0.362s] Level 1:colcon.colcon_core.environment:checking '/home/kuldip/assignment_ws/install/testbed_bringup/bin'
[0.362s] INFO:colcon.colcon_core.shell:Creating package script '/home/kuldip/assignment_ws/install/testbed_bringup/share/testbed_bringup/package.ps1'
[0.363s] INFO:colcon.colcon_core.shell:Creating package descriptor '/home/kuldip/assignment_ws/install/testbed_bringup/share/testbed_bringup/package.dsv'
[0.363s] INFO:colcon.colcon_core.shell:Creating package script '/home/kuldip/assignment_ws/install/testbed_bringup/share/testbed_bringup/package.sh'
[0.364s] INFO:colcon.colcon_core.shell:Creating package script '/home/kuldip/assignment_ws/install/testbed_bringup/share/testbed_bringup/package.bash'
[0.364s] INFO:colcon.colcon_core.shell:Creating package script '/home/kuldip/assignment_ws/install/testbed_bringup/share/testbed_bringup/package.zsh'
[0.364s] Level 1:colcon.colcon_core.environment:create_file_with_runtime_dependencies(/home/kuldip/assignment_ws/install/testbed_bringup/share/colcon-core/packages/testbed_bringup)
[0.365s] Level 1:colcon.colcon_core.environment:create_environment_scripts_only(testbed_bringup)
[0.365s] Level 1:colcon.colcon_core.environment:checking '/home/kuldip/assignment_ws/install/testbed_bringup' for CMake module files
[0.365s] Level 1:colcon.colcon_core.environment:checking '/home/kuldip/assignment_ws/install/testbed_bringup' for CMake config files
[0.365s] Level 1:colcon.colcon_core.shell:create_environment_hook('testbed_bringup', 'cmake_prefix_path')
[0.365s] INFO:colcon.colcon_core.shell:Creating environment hook '/home/kuldip/assignment_ws/install/testbed_bringup/share/testbed_bringup/hook/cmake_prefix_path.ps1'
[0.365s] INFO:colcon.colcon_core.shell:Creating environment descriptor '/home/kuldip/assignment_ws/install/testbed_bringup/share/testbed_bringup/hook/cmake_prefix_path.dsv'
[0.366s] INFO:colcon.colcon_core.shell:Creating environment hook '/home/kuldip/assignment_ws/install/testbed_bringup/share/testbed_bringup/hook/cmake_prefix_path.sh'
[0.366s] Level 1:colcon.colcon_core.environment:checking '/home/kuldip/assignment_ws/install/testbed_bringup/bin'
[0.366s] Level 1:colcon.colcon_core.environment:checking '/home/kuldip/assignment_ws/install/testbed_bringup/lib/pkgconfig/testbed_bringup.pc'
[0.366s] Level 1:colcon.colcon_core.environment:checking '/home/kuldip/assignment_ws/install/testbed_bringup/lib/python3.10/site-packages'
[0.366s] Level 1:colcon.colcon_core.environment:checking '/home/kuldip/assignment_ws/install/testbed_bringup/bin'
[0.366s] INFO:colcon.colcon_core.shell:Creating package script '/home/kuldip/assignment_ws/install/testbed_bringup/share/testbed_bringup/package.ps1'
[0.367s] INFO:colcon.colcon_core.shell:Creating package descriptor '/home/kuldip/assignment_ws/install/testbed_bringup/share/testbed_bringup/package.dsv'
[0.367s] INFO:colcon.colcon_core.shell:Creating package script '/home/kuldip/assignment_ws/install/testbed_bringup/share/testbed_bringup/package.sh'
[0.367s] INFO:colcon.colcon_core.shell:Creating package script '/home/kuldip/assignment_ws/install/testbed_bringup/share/testbed_bringup/package.bash'
[0.367s] INFO:colcon.colcon_core.shell:Creating package script '/home/kuldip/assignment_ws/install/testbed_bringup/share/testbed_bringup/package.zsh'
[0.368s] Level 1:colcon.colcon_core.environment:create_file_with_runtime_dependencies(/home/kuldip/assignment_ws/install/testbed_bringup/share/colcon-core/packages/testbed_bringup)
[0.368s] Level 1:colcon.colcon_core.environment:create_environment_scripts_only(testbed_navigation)
[0.368s] Level 1:colcon.colcon_core.environment:checking '/home/kuldip/assignment_ws/install/testbed_navigation' for CMake module files
[0.369s] DEBUG:colcon.colcon_core.event_handler.log_command:Invoked command in '/home/kuldip/assignment_ws/build/testbed_navigation' returned '0': CMAKE_PREFIX_PATH=/opt/ros/humble /usr/bin/cmake --install /home/kuldip/assignment_ws/build/testbed_navigation
[0.369s] Level 1:colcon.colcon_core.environment:checking '/home/kuldip/assignment_ws/install/testbed_navigation' for CMake config files
[0.369s] Level 1:colcon.colcon_core.shell:create_environment_hook('testbed_navigation', 'cmake_prefix_path')
[0.369s] INFO:colcon.colcon_core.shell:Creating environment hook '/home/kuldip/assignment_ws/install/testbed_navigation/share/testbed_navigation/hook/cmake_prefix_path.ps1'
[0.369s] INFO:colcon.colcon_core.shell:Creating environment descriptor '/home/kuldip/assignment_ws/install/testbed_navigation/share/testbed_navigation/hook/cmake_prefix_path.dsv'
[0.370s] INFO:colcon.colcon_core.shell:Creating environment hook '/home/kuldip/assignment_ws/install/testbed_navigation/share/testbed_navigation/hook/cmake_prefix_path.sh'
[0.370s] Level 1:colcon.colcon_core.environment:checking '/home/kuldip/assignment_ws/install/testbed_navigation/bin'
[0.370s] Level 1:colcon.colcon_core.environment:checking '/home/kuldip/assignment_ws/install/testbed_navigation/lib/pkgconfig/testbed_navigation.pc'
[0.370s] Level 1:colcon.colcon_core.environment:checking '/home/kuldip/assignment_ws/install/testbed_navigation/lib/python3.10/site-packages'
[0.370s] Level 1:colcon.colcon_core.environment:checking '/home/kuldip/assignment_ws/install/testbed_navigation/bin'
[0.370s] INFO:colcon.colcon_core.shell:Creating package script '/home/kuldip/assignment_ws/install/testbed_navigation/share/testbed_navigation/package.ps1'
[0.371s] INFO:colcon.colcon_core.shell:Creating package descriptor '/home/kuldip/assignment_ws/install/testbed_navigation/share/testbed_navigation/package.dsv'
[0.371s] INFO:colcon.colcon_core.shell:Creating package script '/home/kuldip/assignment_ws/install/testbed_navigation/share/testbed_navigation/package.sh'
[0.371s] INFO:colcon.colcon_core.shell:Creating package script '/home/kuldip/assignment_ws/install/testbed_navigation/share/testbed_navigation/package.bash'
[0.371s] INFO:colcon.colcon_core.shell:Creating package script '/home/kuldip/assignment_ws/install/testbed_navigation/share/testbed_navigation/package.zsh'
[0.371s] Level 1:colcon.colcon_core.environment:create_file_with_runtime_dependencies(/home/kuldip/assignment_ws/install/testbed_navigation/share/colcon-core/packages/testbed_navigation)
[0.371s] Level 1:colcon.colcon_core.environment:create_environment_scripts_only(testbed_navigation)
[0.372s] Level 1:colcon.colcon_core.environment:checking '/home/kuldip/assignment_ws/install/testbed_navigation' for CMake module files
[0.372s] Level 1:colcon.colcon_core.environment:checking '/home/kuldip/assignment_ws/install/testbed_navigation' for CMake config files
[0.372s] Level 1:colcon.colcon_core.shell:create_environment_hook('testbed_navigation', 'cmake_prefix_path')
[0.372s] INFO:colcon.colcon_core.shell:Creating environment hook '/home/kuldip/assignment_ws/install/testbed_navigation/share/testbed_navigation/hook/cmake_prefix_path.ps1'
[0.372s] INFO:colcon.colcon_core.shell:Creating environment descriptor '/home/kuldip/assignment_ws/install/testbed_navigation/share/testbed_navigation/hook/cmake_prefix_path.dsv'
[0.372s] INFO:colcon.colcon_core.shell:Creating environment hook '/home/kuldip/assignment_ws/install/testbed_navigation/share/testbed_navigation/hook/cmake_prefix_path.sh'
[0.373s] Level 1:colcon.colcon_core.environment:checking '/home/kuldip/assignment_ws/install/testbed_navigation/bin'
[0.373s] Level 1:colcon.colcon_core.environment:checking '/home/kuldip/assignment_ws/install/testbed_navigation/lib/pkgconfig/testbed_navigation.pc'
[0.373s] Level 1:colcon.colcon_core.environment:checking '/home/kuldip/assignment_ws/install/testbed_navigation/lib/python3.10/site-packages'
[0.373s] Level 1:colcon.colcon_core.environment:checking '/home/kuldip/assignment_ws/install/testbed_navigation/bin'
[0.373s] INFO:colcon.colcon_core.shell:Creating package script '/home/kuldip/assignment_ws/install/testbed_navigation/share/testbed_navigation/package.ps1'
[0.373s] INFO:colcon.colcon_core.shell:Creating package descriptor '/home/kuldip/assignment_ws/install/testbed_navigation/share/testbed_navigation/package.dsv'
[0.374s] INFO:colcon.colcon_core.shell:Creating package script '/home/kuldip/assignment_ws/install/testbed_navigation/share/testbed_navigation/package.sh'
[0.374s] INFO:colcon.colcon_core.shell:Creating package script '/home/kuldip/assignment_ws/install/testbed_navigation/share/testbed_navigation/package.bash'
[0.374s] INFO:colcon.colcon_core.shell:Creating package script '/home/kuldip/assignment_ws/install/testbed_navigation/share/testbed_navigation/package.zsh'
[0.374s] Level 1:colcon.colcon_core.environment:create_file_with_runtime_dependencies(/home/kuldip/assignment_ws/install/testbed_navigation/share/colcon-core/packages/testbed_navigation)
[0.375s] Level 1:colcon.colcon_core.environment:create_environment_scripts_only(testbed_description)
[0.375s] Level 1:colcon.colcon_core.environment:checking '/home/kuldip/assignment_ws/install/testbed_description' for CMake module files
[0.375s] DEBUG:colcon.colcon_core.event_handler.log_command:Invoked command in '/home/kuldip/assignment_ws/build/testbed_description' returned '0': CMAKE_PREFIX_PATH=/opt/ros/humble /usr/bin/cmake --install /home/kuldip/assignment_ws/build/testbed_description
[0.375s] Level 1:colcon.colcon_core.environment:checking '/home/kuldip/assignment_ws/install/testbed_description' for CMake config files
[0.376s] Level 1:colcon.colcon_core.shell:create_environment_hook('testbed_description', 'cmake_prefix_path')
[0.376s] INFO:colcon.colcon_core.shell:Creating environment hook '/home/kuldip/assignment_ws/install/testbed_description/share/testbed_description/hook/cmake_prefix_path.ps1'
[0.376s] INFO:colcon.colcon_core.shell:Creating environment descriptor '/home/kuldip/assignment_ws/install/testbed_description/share/testbed_description/hook/cmake_prefix_path.dsv'
[0.376s] INFO:colcon.colcon_core.shell:Creating environment hook '/home/kuldip/assignment_ws/install/testbed_description/share/testbed_description/hook/cmake_prefix_path.sh'
[0.376s] Level 1:colcon.colcon_core.environment:checking '/home/kuldip/assignment_ws/install/testbed_description/bin'
[0.376s] Level 1:colcon.colcon_core.environment:checking '/home/kuldip/assignment_ws/install/testbed_description/lib/pkgconfig/testbed_description.pc'
[0.377s] Level 1:colcon.colcon_core.environment:checking '/home/kuldip/assignment_ws/install/testbed_description/lib/python3.10/site-packages'
[0.377s] Level 1:colcon.colcon_core.environment:checking '/home/kuldip/assignment_ws/install/testbed_description/bin'
[0.377s] INFO:colcon.colcon_core.shell:Creating package script '/home/kuldip/assignment_ws/install/testbed_description/share/testbed_description/package.ps1'
[0.377s] INFO:colcon.colcon_core.shell:Creating package descriptor '/home/kuldip/assignment_ws/install/testbed_description/share/testbed_description/package.dsv'
[0.377s] INFO:colcon.colcon_core.shell:Creating package script '/home/kuldip/assignment_ws/install/testbed_description/share/testbed_description/package.sh'
[0.378s] INFO:colcon.colcon_core.shell:Creating package script '/home/kuldip/assignment_ws/install/testbed_description/share/testbed_description/package.bash'
[0.378s] INFO:colcon.colcon_core.shell:Creating package script '/home/kuldip/assignment_ws/install/testbed_description/share/testbed_description/package.zsh'
[0.378s] Level 1:colcon.colcon_core.environment:create_file_with_runtime_dependencies(/home/kuldip/assignment_ws/install/testbed_description/share/colcon-core/packages/testbed_description)
[0.378s] Level 1:colcon.colcon_core.environment:create_environment_scripts_only(testbed_description)
[0.378s] Level 1:colcon.colcon_core.environment:checking '/home/kuldip/assignment_ws/install/testbed_description' for CMake module files
[0.378s] Level 1:colcon.colcon_core.environment:checking '/home/kuldip/assignment_ws/install/testbed_description' for CMake config files
[0.379s] Level 1:colcon.colcon_core.shell:create_environment_hook('testbed_description', 'cmake_prefix_path')
[0.379s] INFO:colcon.colcon_core.shell:Creating environment hook '/home/kuldip/assignment_ws/install/testbed_description/share/testbed_description/hook/cmake_prefix_path.ps1'
[0.379s] INFO:colcon.colcon_core.shell:Creating environment descriptor '/home/kuldip/assignment_ws/install/testbed_description/share/testbed_description/hook/cmake_prefix_path.dsv'
[0.379s] INFO:colcon.colcon_core.shell:Creating environment hook '/home/kuldip/assignment_ws/install/testbed_description/share/testbed_description/hook/cmake_prefix_path.sh'
[0.379s] Level 1:colcon.colcon_core.environment:checking '/home/kuldip/assignment_ws/install/testbed_description/bin'
[0.379s] Level 1:colcon.colcon_core.environment:checking '/home/kuldip/assignment_ws/install/testbed_description/lib/pkgconfig/testbed_description.pc'
[0.379s] Level 1:colcon.colcon_core.environment:checking '/home/kuldip/assignment_ws/install/testbed_description/lib/python3.10/site-packages'
[0.380s] Level 1:colcon.colcon_core.environment:checking '/home/kuldip/assignment_ws/install/testbed_description/bin'
[0.380s] INFO:colcon.colcon_core.shell:Creating package script '/home/kuldip/assignment_ws/install/testbed_description/share/testbed_description/package.ps1'
[0.380s] INFO:colcon.colcon_core.shell:Creating package descriptor '/home/kuldip/assignment_ws/install/testbed_description/share/testbed_description/package.dsv'
[0.380s] INFO:colcon.colcon_core.shell:Creating package script '/home/kuldip/assignment_ws/install/testbed_description/share/testbed_description/package.sh'
[0.381s] INFO:colcon.colcon_core.shell:Creating package script '/home/kuldip/assignment_ws/install/testbed_description/share/testbed_description/package.bash'
[0.381s] INFO:colcon.colcon_core.shell:Creating package script '/home/kuldip/assignment_ws/install/testbed_description/share/testbed_description/package.zsh'
[0.381s] Level 1:colcon.colcon_core.environment:create_file_with_runtime_dependencies(/home/kuldip/assignment_ws/install/testbed_description/share/colcon-core/packages/testbed_description)
[0.381s] INFO:colcon.colcon_ros.task.ament_cmake.build:Building ROS package in '/home/kuldip/assignment_ws/src/l1-kuldipbirhade/testbed_gazebo' with build type 'ament_cmake'
[0.382s] INFO:colcon.colcon_cmake.task.cmake.build:Building CMake package in '/home/kuldip/assignment_ws/src/l1-kuldipbirhade/testbed_gazebo'
[0.382s] INFO:colcon.colcon_core.shell:Skip shell extension 'powershell' for command environment: Not usable outside of PowerShell
[0.382s] DEBUG:colcon.colcon_core.shell:Skip shell extension 'dsv' for command environment
[0.388s] DEBUG:colcon.colcon_core.event_handler.log_command:Invoking command in '/home/kuldip/assignment_ws/build/testbed_gazebo': AMENT_PREFIX_PATH=/home/kuldip/assignment_ws/install/testbed_description:${AMENT_PREFIX_PATH} CMAKE_PREFIX_PATH=/home/kuldip/assignment_ws/install/testbed_description:/opt/ros/humble /usr/bin/cmake --build /home/kuldip/assignment_ws/build/testbed_gazebo -- -j12 -l12
[0.421s] DEBUG:colcon.colcon_core.event_handler.log_command:Invoked command in '/home/kuldip/assignment_ws/build/testbed_gazebo' returned '0': AMENT_PREFIX_PATH=/home/kuldip/assignment_ws/install/testbed_description:${AMENT_PREFIX_PATH} CMAKE_PREFIX_PATH=/home/kuldip/assignment_ws/install/testbed_description:/opt/ros/humble /usr/bin/cmake --build /home/kuldip/assignment_ws/build/testbed_gazebo -- -j12 -l12
[0.423s] DEBUG:colcon.colcon_core.event_handler.log_command:Invoking command in '/home/kuldip/assignment_ws/build/testbed_gazebo': AMENT_PREFIX_PATH=/home/kuldip/assignment_ws/install/testbed_description:${AMENT_PREFIX_PATH} CMAKE_PREFIX_PATH=/home/kuldip/assignment_ws/install/testbed_description:/opt/ros/humble /usr/bin/cmake --install /home/kuldip/assignment_ws/build/testbed_gazebo
[0.432s] Level 1:colcon.colcon_core.environment:create_environment_scripts_only(testbed_gazebo)
[0.432s] DEBUG:colcon.colcon_core.event_handler.log_command:Invoked command in '/home/kuldip/assignment_ws/build/testbed_gazebo' returned '0': AMENT_PREFIX_PATH=/home/kuldip/assignment_ws/install/testbed_description:${AMENT_PREFIX_PATH} CMAKE_PREFIX_PATH=/home/kuldip/assignment_ws/install/testbed_description:/opt/ros/humble /usr/bin/cmake --install /home/kuldip/assignment_ws/build/testbed_gazebo
[0.433s] Level 1:colcon.colcon_core.environment:checking '/home/kuldip/assignment_ws/install/testbed_gazebo' for CMake module files
[0.433s] Level 1:colcon.colcon_core.environment:checking '/home/kuldip/assignment_ws/install/testbed_gazebo' for CMake config files
[0.433s] Level 1:colcon.colcon_core.shell:create_environment_hook('testbed_gazebo', 'cmake_prefix_path')
[0.433s] INFO:colcon.colcon_core.shell:Creating environment hook '/home/kuldip/assignment_ws/install/testbed_gazebo/share/testbed_gazebo/hook/cmake_prefix_path.ps1'
[0.434s] INFO:colcon.colcon_core.shell:Creating environment descriptor '/home/kuldip/assignment_ws/install/testbed_gazebo/share/testbed_gazebo/hook/cmake_prefix_path.dsv'
[0.434s] INFO:colcon.colcon_core.shell:Creating environment hook '/home/kuldip/assignment_ws/install/testbed_gazebo/share/testbed_gazebo/hook/cmake_prefix_path.sh'
[0.434s] Level 1:colcon.colcon_core.environment:checking '/home/kuldip/assignment_ws/install/testbed_gazebo/bin'
[0.434s] Level 1:colcon.colcon_core.environment:checking '/home/kuldip/assignment_ws/install/testbed_gazebo/lib/pkgconfig/testbed_gazebo.pc'
[0.435s] Level 1:colcon.colcon_core.environment:checking '/home/kuldip/assignment_ws/install/testbed_gazebo/lib/python3.10/site-packages'
[0.435s] Level 1:colcon.colcon_core.environment:checking '/home/kuldip/assignment_ws/install/testbed_gazebo/bin'
[0.435s] INFO:colcon.colcon_core.shell:Creating package script '/home/kuldip/assignment_ws/install/testbed_gazebo/share/testbed_gazebo/package.ps1'
[0.435s] INFO:colcon.colcon_core.shell:Creating package descriptor '/home/kuldip/assignment_ws/install/testbed_gazebo/share/testbed_gazebo/package.dsv'
[0.436s] INFO:colcon.colcon_core.shell:Creating package script '/home/kuldip/assignment_ws/install/testbed_gazebo/share/testbed_gazebo/package.sh'
[0.436s] INFO:colcon.colcon_core.shell:Creating package script '/home/kuldip/assignment_ws/install/testbed_gazebo/share/testbed_gazebo/package.bash'
[0.436s] INFO:colcon.colcon_core.shell:Creating package script '/home/kuldip/assignment_ws/install/testbed_gazebo/share/testbed_gazebo/package.zsh'
[0.436s] Level 1:colcon.colcon_core.environment:create_file_with_runtime_dependencies(/home/kuldip/assignment_ws/install/testbed_gazebo/share/colcon-core/packages/testbed_gazebo)
[0.437s] Level 1:colcon.colcon_core.environment:create_environment_scripts_only(testbed_gazebo)
[0.437s] Level 1:colcon.colcon_core.environment:checking '/home/kuldip/assignment_ws/install/testbed_gazebo' for CMake module files
[0.437s] Level 1:colcon.colcon_core.environment:checking '/home/kuldip/assignment_ws/install/testbed_gazebo' for CMake config files
[0.437s] Level 1:colcon.colcon_core.shell:create_environment_hook('testbed_gazebo', 'cmake_prefix_path')
[0.438s] INFO:colcon.colcon_core.shell:Creating environment hook '/home/kuldip/assignment_ws/install/testbed_gazebo/share/testbed_gazebo/hook/cmake_prefix_path.ps1'
[0.438s] INFO:colcon.colcon_core.shell:Creating environment descriptor '/home/kuldip/assignment_ws/install/testbed_gazebo/share/testbed_gazebo/hook/cmake_prefix_path.dsv'
[0.438s] INFO:colcon.colcon_core.shell:Creating environment hook '/home/kuldip/assignment_ws/install/testbed_gazebo/share/testbed_gazebo/hook/cmake_prefix_path.sh'
[0.438s] Level 1:colcon.colcon_core.environment:checking '/home/kuldip/assignment_ws/install/testbed_gazebo/bin'
[0.438s] Level 1:colcon.colcon_core.environment:checking '/home/kuldip/assignment_ws/install/testbed_gazebo/lib/pkgconfig/testbed_gazebo.pc'
[0.439s] Level 1:colcon.colcon_core.environment:checking '/home/kuldip/assignment_ws/install/testbed_gazebo/lib/python3.10/site-packages'
[0.439s] Level 1:colcon.colcon_core.environment:checking '/home/kuldip/assignment_ws/install/testbed_gazebo/bin'
[0.439s] INFO:colcon.colcon_core.shell:Creating package script '/home/kuldip/assignment_ws/install/testbed_gazebo/share/testbed_gazebo/package.ps1'
[0.439s] INFO:colcon.colcon_core.shell:Creating package descriptor '/home/kuldip/assignment_ws/install/testbed_gazebo/share/testbed_gazebo/package.dsv'
[0.439s] INFO:colcon.colcon_core.shell:Creating package script '/home/kuldip/assignment_ws/install/testbed_gazebo/share/testbed_gazebo/package.sh'
[0.440s] INFO:colcon.colcon_core.shell:Creating package script '/home/kuldip/assignment_ws/install/testbed_gazebo/share/testbed_gazebo/package.bash'
[0.440s] INFO:colcon.colcon_core.shell:Creating package script '/home/kuldip/assignment_ws/install/testbed_gazebo/share/testbed_gazebo/package.zsh'
[0.440s] Level 1:colcon.colcon_core.environment:create_file_with_runtime_dependencies(/home/kuldip/assignment_ws/install/testbed_gazebo/share/colcon-core/packages/testbed_gazebo)
[0.440s] DEBUG:colcon.colcon_parallel_executor.executor.parallel:closing loop
[0.440s] DEBUG:colcon.colcon_parallel_executor.executor.parallel:loop closed
[0.440s] DEBUG:colcon.colcon_parallel_executor.executor.parallel:run_until_complete finished with '0'
[0.440s] DEBUG:colcon.colcon_core.event_reactor:joining thread
[0.444s] INFO:colcon.colcon_core.plugin_system:Skipping extension 'colcon_notification.desktop_notification.terminal_notifier': Not used on non-Darwin systems
[0.444s] INFO:colcon.colcon_core.plugin_system:Skipping extension 'colcon_notification.desktop_notification.win32': Not used on non-Windows systems
[0.444s] INFO:colcon.colcon_notification.desktop_notification:Sending desktop notification using 'notify2'
[0.453s] DEBUG:colcon.colcon_core.event_reactor:joined thread
[0.454s] INFO:colcon.colcon_core.shell:Creating prefix script '/home/kuldip/assignment_ws/install/local_setup.ps1'
[0.454s] INFO:colcon.colcon_core.shell:Creating prefix util module '/home/kuldip/assignment_ws/install/_local_setup_util_ps1.py'
[0.455s] INFO:colcon.colcon_core.shell:Creating prefix chain script '/home/kuldip/assignment_ws/install/setup.ps1'
[0.456s] INFO:colcon.colcon_core.shell:Creating prefix script '/home/kuldip/assignment_ws/install/local_setup.sh'
[0.456s] INFO:colcon.colcon_core.shell:Creating prefix util module '/home/kuldip/assignment_ws/install/_local_setup_util_sh.py'
[0.457s] INFO:colcon.colcon_core.shell:Creating prefix chain script '/home/kuldip/assignment_ws/install/setup.sh'
[0.457s] INFO:colcon.colcon_core.shell:Creating prefix script '/home/kuldip/assignment_ws/install/local_setup.bash'
[0.457s] INFO:colcon.colcon_core.shell:Creating prefix chain script '/home/kuldip/assignment_ws/install/setup.bash'
[0.458s] INFO:colcon.colcon_core.shell:Creating prefix script '/home/kuldip/assignment_ws/install/local_setup.zsh'
[0.458s] INFO:colcon.colcon_core.shell:Creating prefix chain script '/home/kuldip/assignment_ws/install/setup.zsh'
