[0.105s] DEBUG:colcon:Command line arguments: ['/usr/bin/colcon', 'build']
[0.105s] DEBUG:colcon:Parsed command line arguments: Namespace(log_base=None, log_level=None, verb_name='build', build_base='build', install_base='install', merge_install=False, symlink_install=False, test_result_base=None, continue_on_error=False, executor='parallel', parallel_workers=12, event_handlers=None, ignore_user_meta=False, metas=['./colcon.meta'], base_paths=['.'], packages_ignore=None, packages_ignore_regex=None, paths=None, packages_up_to=None, packages_up_to_regex=None, packages_above=None, packages_above_and_dependencies=None, packages_above_depth=None, packages_select_by_dep=None, packages_skip_by_dep=None, packages_skip_up_to=None, packages_select_build_failed=False, packages_skip_build_finished=False, packages_select_test_failures=False, packages_skip_test_passed=False, packages_select=None, packages_skip=None, packages_select_regex=None, packages_skip_regex=None, packages_start=None, packages_end=None, allow_overriding=[], cmake_args=None, cmake_target=None, cmake_target_skip_unavailable=False, cmake_clean_cache=False, cmake_clean_first=False, cmake_force_configure=False, ament_cmake_args=None, catkin_cmake_args=None, catkin_skip_building_tests=False, mixin_files=None, mixin=None, verb_parser=<colcon_mixin.mixin.mixin_argument.MixinArgumentDecorator object at 0x7b3af5451480>, verb_extension=<colcon_core.verb.build.BuildVerb object at 0x7b3af5450820>, main=<bound method BuildVerb.main of <colcon_core.verb.build.BuildVerb object at 0x7b3af5450820>>, mixin_verb=('build',))
[0.222s] Level 1:colcon.colcon_core.package_discovery:discover_packages(colcon_meta) check parameters
[0.222s] Level 1:colcon.colcon_core.package_discovery:discover_packages(recursive) check parameters
[0.222s] Level 1:colcon.colcon_core.package_discovery:discover_packages(ignore) check parameters
[0.222s] Level 1:colcon.colcon_core.package_discovery:discover_packages(path) check parameters
[0.222s] Level 1:colcon.colcon_core.package_discovery:discover_packages(colcon_meta) discover
[0.222s] Level 1:colcon.colcon_core.package_discovery:discover_packages(recursive) discover
[0.222s] INFO:colcon.colcon_core.package_discovery:Crawling recursively for packages in '/home/kuldip/assignment_ws'
[0.222s] Level 1:colcon.colcon_core.package_identification:_identify(.) by extensions ['ignore', 'ignore_ament_install']
[0.222s] Level 1:colcon.colcon_core.package_identification:_identify(.) by extension 'ignore'
[0.222s] Level 1:colcon.colcon_core.package_identification:_identify(.) by extension 'ignore_ament_install'
[0.222s] Level 1:colcon.colcon_core.package_identification:_identify(.) by extensions ['colcon_pkg']
[0.222s] Level 1:colcon.colcon_core.package_identification:_identify(.) by extension 'colcon_pkg'
[0.222s] Level 1:colcon.colcon_core.package_identification:_identify(.) by extensions ['colcon_meta']
[0.222s] Level 1:colcon.colcon_core.package_identification:_identify(.) by extension 'colcon_meta'
[0.222s] Level 1:colcon.colcon_core.package_identification:_identify(.) by extensions ['ros']
[0.222s] Level 1:colcon.colcon_core.package_identification:_identify(.) by extension 'ros'
[0.228s] Level 1:colcon.colcon_core.package_identification:_identify(.) by extensions ['cmake', 'python']
[0.228s] Level 1:colcon.colcon_core.package_identification:_identify(.) by extension 'cmake'
[0.228s] Level 1:colcon.colcon_core.package_identification:_identify(.) by extension 'python'
[0.228s] Level 1:colcon.colcon_core.package_identification:_identify(.) by extensions ['python_setup_py']
[0.228s] Level 1:colcon.colcon_core.package_identification:_identify(.) by extension 'python_setup_py'
[0.228s] Level 1:colcon.colcon_core.package_identification:_identify(build) by extensions ['ignore', 'ignore_ament_install']
[0.229s] Level 1:colcon.colcon_core.package_identification:_identify(build) by extension 'ignore'
[0.229s] Level 1:colcon.colcon_core.package_identification:_identify(build) ignored
[0.229s] Level 1:colcon.colcon_core.package_identification:_identify(install) by extensions ['ignore', 'ignore_ament_install']
[0.229s] Level 1:colcon.colcon_core.package_identification:_identify(install) by extension 'ignore'
[0.229s] Level 1:colcon.colcon_core.package_identification:_identify(install) ignored
[0.229s] Level 1:colcon.colcon_core.package_identification:_identify(log) by extensions ['ignore', 'ignore_ament_install']
[0.229s] Level 1:colcon.colcon_core.package_identification:_identify(log) by extension 'ignore'
[0.229s] Level 1:colcon.colcon_core.package_identification:_identify(log) ignored
[0.229s] Level 1:colcon.colcon_core.package_identification:_identify(src) by extensions ['ignore', 'ignore_ament_install']
[0.229s] Level 1:colcon.colcon_core.package_identification:_identify(src) by extension 'ignore'
[0.229s] Level 1:colcon.colcon_core.package_identification:_identify(src) by extension 'ignore_ament_install'
[0.229s] Level 1:colcon.colcon_core.package_identification:_identify(src) by extensions ['colcon_pkg']
[0.229s] Level 1:colcon.colcon_core.package_identification:_identify(src) by extension 'colcon_pkg'
[0.229s] Level 1:colcon.colcon_core.package_identification:_identify(src) by extensions ['colcon_meta']
[0.229s] Level 1:colcon.colcon_core.package_identification:_identify(src) by extension 'colcon_meta'
[0.229s] Level 1:colcon.colcon_core.package_identification:_identify(src) by extensions ['ros']
[0.229s] Level 1:colcon.colcon_core.package_identification:_identify(src) by extension 'ros'
[0.229s] Level 1:colcon.colcon_core.package_identification:_identify(src) by extensions ['cmake', 'python']
[0.229s] Level 1:colcon.colcon_core.package_identification:_identify(src) by extension 'cmake'
[0.229s] Level 1:colcon.colcon_core.package_identification:_identify(src) by extension 'python'
[0.229s] Level 1:colcon.colcon_core.package_identification:_identify(src) by extensions ['python_setup_py']
[0.229s] Level 1:colcon.colcon_core.package_identification:_identify(src) by extension 'python_setup_py'
[0.229s] Level 1:colcon.colcon_core.package_identification:_identify(src/l1-kuldipbirhade) by extensions ['ignore', 'ignore_ament_install']
[0.229s] Level 1:colcon.colcon_core.package_identification:_identify(src/l1-kuldipbirhade) by extension 'ignore'
[0.229s] Level 1:colcon.colcon_core.package_identification:_identify(src/l1-kuldipbirhade) by extension 'ignore_ament_install'
[0.229s] Level 1:colcon.colcon_core.package_identification:_identify(src/l1-kuldipbirhade) by extensions ['colcon_pkg']
[0.229s] Level 1:colcon.colcon_core.package_identification:_identify(src/l1-kuldipbirhade) by extension 'colcon_pkg'
[0.229s] Level 1:colcon.colcon_core.package_identification:_identify(src/l1-kuldipbirhade) by extensions ['colcon_meta']
[0.229s] Level 1:colcon.colcon_core.package_identification:_identify(src/l1-kuldipbirhade) by extension 'colcon_meta'
[0.229s] Level 1:colcon.colcon_core.package_identification:_identify(src/l1-kuldipbirhade) by extensions ['ros']
[0.229s] Level 1:colcon.colcon_core.package_identification:_identify(src/l1-kuldipbirhade) by extension 'ros'
[0.229s] Level 1:colcon.colcon_core.package_identification:_identify(src/l1-kuldipbirhade) by extensions ['cmake', 'python']
[0.229s] Level 1:colcon.colcon_core.package_identification:_identify(src/l1-kuldipbirhade) by extension 'cmake'
[0.229s] Level 1:colcon.colcon_core.package_identification:_identify(src/l1-kuldipbirhade) by extension 'python'
[0.229s] Level 1:colcon.colcon_core.package_identification:_identify(src/l1-kuldipbirhade) by extensions ['python_setup_py']
[0.229s] Level 1:colcon.colcon_core.package_identification:_identify(src/l1-kuldipbirhade) by extension 'python_setup_py'
[0.229s] Level 1:colcon.colcon_core.package_identification:_identify(src/l1-kuldipbirhade/testbed_bringup) by extensions ['ignore', 'ignore_ament_install']
[0.230s] Level 1:colcon.colcon_core.package_identification:_identify(src/l1-kuldipbirhade/testbed_bringup) by extension 'ignore'
[0.230s] Level 1:colcon.colcon_core.package_identification:_identify(src/l1-kuldipbirhade/testbed_bringup) by extension 'ignore_ament_install'
[0.230s] Level 1:colcon.colcon_core.package_identification:_identify(src/l1-kuldipbirhade/testbed_bringup) by extensions ['colcon_pkg']
[0.230s] Level 1:colcon.colcon_core.package_identification:_identify(src/l1-kuldipbirhade/testbed_bringup) by extension 'colcon_pkg'
[0.230s] Level 1:colcon.colcon_core.package_identification:_identify(src/l1-kuldipbirhade/testbed_bringup) by extensions ['colcon_meta']
[0.230s] Level 1:colcon.colcon_core.package_identification:_identify(src/l1-kuldipbirhade/testbed_bringup) by extension 'colcon_meta'
[0.230s] Level 1:colcon.colcon_core.package_identification:_identify(src/l1-kuldipbirhade/testbed_bringup) by extensions ['ros']
[0.230s] Level 1:colcon.colcon_core.package_identification:_identify(src/l1-kuldipbirhade/testbed_bringup) by extension 'ros'
[0.231s] DEBUG:colcon.colcon_core.package_identification:Package 'src/l1-kuldipbirhade/testbed_bringup' with type 'ros.ament_cmake' and name 'testbed_bringup'
[0.232s] Level 1:colcon.colcon_core.package_identification:_identify(src/l1-kuldipbirhade/testbed_description) by extensions ['ignore', 'ignore_ament_install']
[0.232s] Level 1:colcon.colcon_core.package_identification:_identify(src/l1-kuldipbirhade/testbed_description) by extension 'ignore'
[0.232s] Level 1:colcon.colcon_core.package_identification:_identify(src/l1-kuldipbirhade/testbed_description) by extension 'ignore_ament_install'
[0.232s] Level 1:colcon.colcon_core.package_identification:_identify(src/l1-kuldipbirhade/testbed_description) by extensions ['colcon_pkg']
[0.232s] Level 1:colcon.colcon_core.package_identification:_identify(src/l1-kuldipbirhade/testbed_description) by extension 'colcon_pkg'
[0.232s] Level 1:colcon.colcon_core.package_identification:_identify(src/l1-kuldipbirhade/testbed_description) by extensions ['colcon_meta']
[0.232s] Level 1:colcon.colcon_core.package_identification:_identify(src/l1-kuldipbirhade/testbed_description) by extension 'colcon_meta'
[0.232s] Level 1:colcon.colcon_core.package_identification:_identify(src/l1-kuldipbirhade/testbed_description) by extensions ['ros']
[0.232s] Level 1:colcon.colcon_core.package_identification:_identify(src/l1-kuldipbirhade/testbed_description) by extension 'ros'
[0.232s] DEBUG:colcon.colcon_core.package_identification:Package 'src/l1-kuldipbirhade/testbed_description' with type 'ros.ament_cmake' and name 'testbed_description'
[0.232s] Level 1:colcon.colcon_core.package_identification:_identify(src/l1-kuldipbirhade/testbed_gazebo) by extensions ['ignore', 'ignore_ament_install']
[0.232s] Level 1:colcon.colcon_core.package_identification:_identify(src/l1-kuldipbirhade/testbed_gazebo) by extension 'ignore'
[0.232s] Level 1:colcon.colcon_core.package_identification:_identify(src/l1-kuldipbirhade/testbed_gazebo) by extension 'ignore_ament_install'
[0.232s] Level 1:colcon.colcon_core.package_identification:_identify(src/l1-kuldipbirhade/testbed_gazebo) by extensions ['colcon_pkg']
[0.232s] Level 1:colcon.colcon_core.package_identification:_identify(src/l1-kuldipbirhade/testbed_gazebo) by extension 'colcon_pkg'
[0.232s] Level 1:colcon.colcon_core.package_identification:_identify(src/l1-kuldipbirhade/testbed_gazebo) by extensions ['colcon_meta']
[0.232s] Level 1:colcon.colcon_core.package_identification:_identify(src/l1-kuldipbirhade/testbed_gazebo) by extension 'colcon_meta'
[0.232s] Level 1:colcon.colcon_core.package_identification:_identify(src/l1-kuldipbirhade/testbed_gazebo) by extensions ['ros']
[0.232s] Level 1:colcon.colcon_core.package_identification:_identify(src/l1-kuldipbirhade/testbed_gazebo) by extension 'ros'
[0.233s] DEBUG:colcon.colcon_core.package_identification:Package 'src/l1-kuldipbirhade/testbed_gazebo' with type 'ros.ament_cmake' and name 'testbed_gazebo'
[0.233s] Level 1:colcon.colcon_core.package_identification:_identify(src/testbed_navigation) by extensions ['ignore', 'ignore_ament_install']
[0.233s] Level 1:colcon.colcon_core.package_identification:_identify(src/testbed_navigation) by extension 'ignore'
[0.233s] Level 1:colcon.colcon_core.package_identification:_identify(src/testbed_navigation) by extension 'ignore_ament_install'
[0.233s] Level 1:colcon.colcon_core.package_identification:_identify(src/testbed_navigation) by extensions ['colcon_pkg']
[0.233s] Level 1:colcon.colcon_core.package_identification:_identify(src/testbed_navigation) by extension 'colcon_pkg'
[0.233s] Level 1:colcon.colcon_core.package_identification:_identify(src/testbed_navigation) by extensions ['colcon_meta']
[0.233s] Level 1:colcon.colcon_core.package_identification:_identify(src/testbed_navigation) by extension 'colcon_meta'
[0.233s] Level 1:colcon.colcon_core.package_identification:_identify(src/testbed_navigation) by extensions ['ros']
[0.233s] Level 1:colcon.colcon_core.package_identification:_identify(src/testbed_navigation) by extension 'ros'
[0.233s] DEBUG:colcon.colcon_core.package_identification:Package 'src/testbed_navigation' with type 'ros.ament_cmake' and name 'testbed_navigation'
[0.233s] Level 1:colcon.colcon_core.package_discovery:discover_packages(recursive) using defaults
[0.233s] Level 1:colcon.colcon_core.package_discovery:discover_packages(ignore) discover
[0.233s] Level 1:colcon.colcon_core.package_discovery:discover_packages(ignore) using defaults
[0.233s] Level 1:colcon.colcon_core.package_discovery:discover_packages(path) discover
[0.233s] Level 1:colcon.colcon_core.package_discovery:discover_packages(path) using defaults
[0.254s] Level 1:colcon.colcon_core.package_discovery:discover_packages(prefix_path) check parameters
[0.254s] Level 1:colcon.colcon_core.package_discovery:discover_packages(prefix_path) discover
[0.256s] DEBUG:colcon.colcon_installed_package_information.package_discovery:Found 388 installed packages in /opt/ros/humble
[0.257s] Level 1:colcon.colcon_core.package_discovery:discover_packages(prefix_path) using defaults
[0.282s] Level 5:colcon.colcon_core.verb:set package 'testbed_bringup' build argument 'cmake_args' from command line to 'None'
[0.282s] Level 5:colcon.colcon_core.verb:set package 'testbed_bringup' build argument 'cmake_target' from command line to 'None'
[0.282s] Level 5:colcon.colcon_core.verb:set package 'testbed_bringup' build argument 'cmake_target_skip_unavailable' from command line to 'False'
[0.282s] Level 5:colcon.colcon_core.verb:set package 'testbed_bringup' build argument 'cmake_clean_cache' from command line to 'False'
[0.282s] Level 5:colcon.colcon_core.verb:set package 'testbed_bringup' build argument 'cmake_clean_first' from command line to 'False'
[0.282s] Level 5:colcon.colcon_core.verb:set package 'testbed_bringup' build argument 'cmake_force_configure' from command line to 'False'
[0.282s] Level 5:colcon.colcon_core.verb:set package 'testbed_bringup' build argument 'ament_cmake_args' from command line to 'None'
[0.282s] Level 5:colcon.colcon_core.verb:set package 'testbed_bringup' build argument 'catkin_cmake_args' from command line to 'None'
[0.282s] Level 5:colcon.colcon_core.verb:set package 'testbed_bringup' build argument 'catkin_skip_building_tests' from command line to 'False'
[0.282s] DEBUG:colcon.colcon_core.verb:Building package 'testbed_bringup' with the following arguments: {'ament_cmake_args': None, 'build_base': '/home/kuldip/assignment_ws/build/testbed_bringup', 'catkin_cmake_args': None, 'catkin_skip_building_tests': False, 'cmake_args': None, 'cmake_clean_cache': False, 'cmake_clean_first': False, 'cmake_force_configure': False, 'cmake_target': None, 'cmake_target_skip_unavailable': False, 'install_base': '/home/kuldip/assignment_ws/install/testbed_bringup', 'merge_install': False, 'path': '/home/kuldip/assignment_ws/src/l1-kuldipbirhade/testbed_bringup', 'symlink_install': False, 'test_result_base': None}
[0.282s] Level 5:colcon.colcon_core.verb:set package 'testbed_description' build argument 'cmake_args' from command line to 'None'
[0.282s] Level 5:colcon.colcon_core.verb:set package 'testbed_description' build argument 'cmake_target' from command line to 'None'
[0.282s] Level 5:colcon.colcon_core.verb:set package 'testbed_description' build argument 'cmake_target_skip_unavailable' from command line to 'False'
[0.282s] Level 5:colcon.colcon_core.verb:set package 'testbed_description' build argument 'cmake_clean_cache' from command line to 'False'
[0.282s] Level 5:colcon.colcon_core.verb:set package 'testbed_description' build argument 'cmake_clean_first' from command line to 'False'
[0.282s] Level 5:colcon.colcon_core.verb:set package 'testbed_description' build argument 'cmake_force_configure' from command line to 'False'
[0.282s] Level 5:colcon.colcon_core.verb:set package 'testbed_description' build argument 'ament_cmake_args' from command line to 'None'
[0.282s] Level 5:colcon.colcon_core.verb:set package 'testbed_description' build argument 'catkin_cmake_args' from command line to 'None'
[0.282s] Level 5:colcon.colcon_core.verb:set package 'testbed_description' build argument 'catkin_skip_building_tests' from command line to 'False'
[0.282s] DEBUG:colcon.colcon_core.verb:Building package 'testbed_description' with the following arguments: {'ament_cmake_args': None, 'build_base': '/home/kuldip/assignment_ws/build/testbed_description', 'catkin_cmake_args': None, 'catkin_skip_building_tests': False, 'cmake_args': None, 'cmake_clean_cache': False, 'cmake_clean_first': False, 'cmake_force_configure': False, 'cmake_target': None, 'cmake_target_skip_unavailable': False, 'install_base': '/home/kuldip/assignment_ws/install/testbed_description', 'merge_install': False, 'path': '/home/kuldip/assignment_ws/src/l1-kuldipbirhade/testbed_description', 'symlink_install': False, 'test_result_base': None}
[0.282s] Level 5:colcon.colcon_core.verb:set package 'testbed_navigation' build argument 'cmake_args' from command line to 'None'
[0.282s] Level 5:colcon.colcon_core.verb:set package 'testbed_navigation' build argument 'cmake_target' from command line to 'None'
[0.282s] Level 5:colcon.colcon_core.verb:set package 'testbed_navigation' build argument 'cmake_target_skip_unavailable' from command line to 'False'
[0.282s] Level 5:colcon.colcon_core.verb:set package 'testbed_navigation' build argument 'cmake_clean_cache' from command line to 'False'
[0.282s] Level 5:colcon.colcon_core.verb:set package 'testbed_navigation' build argument 'cmake_clean_first' from command line to 'False'
[0.282s] Level 5:colcon.colcon_core.verb:set package 'testbed_navigation' build argument 'cmake_force_configure' from command line to 'False'
[0.282s] Level 5:colcon.colcon_core.verb:set package 'testbed_navigation' build argument 'ament_cmake_args' from command line to 'None'
[0.282s] Level 5:colcon.colcon_core.verb:set package 'testbed_navigation' build argument 'catkin_cmake_args' from command line to 'None'
[0.282s] Level 5:colcon.colcon_core.verb:set package 'testbed_navigation' build argument 'catkin_skip_building_tests' from command line to 'False'
[0.282s] DEBUG:colcon.colcon_core.verb:Building package 'testbed_navigation' with the following arguments: {'ament_cmake_args': None, 'build_base': '/home/kuldip/assignment_ws/build/testbed_navigation', 'catkin_cmake_args': None, 'catkin_skip_building_tests': False, 'cmake_args': None, 'cmake_clean_cache': False, 'cmake_clean_first': False, 'cmake_force_configure': False, 'cmake_target': None, 'cmake_target_skip_unavailable': False, 'install_base': '/home/kuldip/assignment_ws/install/testbed_navigation', 'merge_install': False, 'path': '/home/kuldip/assignment_ws/src/testbed_navigation', 'symlink_install': False, 'test_result_base': None}
[0.283s] Level 5:colcon.colcon_core.verb:set package 'testbed_gazebo' build argument 'cmake_args' from command line to 'None'
[0.283s] Level 5:colcon.colcon_core.verb:set package 'testbed_gazebo' build argument 'cmake_target' from command line to 'None'
[0.283s] Level 5:colcon.colcon_core.verb:set package 'testbed_gazebo' build argument 'cmake_target_skip_unavailable' from command line to 'False'
[0.283s] Level 5:colcon.colcon_core.verb:set package 'testbed_gazebo' build argument 'cmake_clean_cache' from command line to 'False'
[0.283s] Level 5:colcon.colcon_core.verb:set package 'testbed_gazebo' build argument 'cmake_clean_first' from command line to 'False'
[0.283s] Level 5:colcon.colcon_core.verb:set package 'testbed_gazebo' build argument 'cmake_force_configure' from command line to 'False'
[0.283s] Level 5:colcon.colcon_core.verb:set package 'testbed_gazebo' build argument 'ament_cmake_args' from command line to 'None'
[0.283s] Level 5:colcon.colcon_core.verb:set package 'testbed_gazebo' build argument 'catkin_cmake_args' from command line to 'None'
[0.283s] Level 5:colcon.colcon_core.verb:set package 'testbed_gazebo' build argument 'catkin_skip_building_tests' from command line to 'False'
[0.283s] DEBUG:colcon.colcon_core.verb:Building package 'testbed_gazebo' with the following arguments: {'ament_cmake_args': None, 'build_base': '/home/kuldip/assignment_ws/build/testbed_gazebo', 'catkin_cmake_args': None, 'catkin_skip_building_tests': False, 'cmake_args': None, 'cmake_clean_cache': False, 'cmake_clean_first': False, 'cmake_force_configure': False, 'cmake_target': None, 'cmake_target_skip_unavailable': False, 'install_base': '/home/kuldip/assignment_ws/install/testbed_gazebo', 'merge_install': False, 'path': '/home/kuldip/assignment_ws/src/l1-kuldipbirhade/testbed_gazebo', 'symlink_install': False, 'test_result_base': None}
[0.283s] INFO:colcon.colcon_core.executor:Executing jobs using 'parallel' executor
[0.283s] DEBUG:colcon.colcon_parallel_executor.executor.parallel:run_until_complete
[0.284s] INFO:colcon.colcon_ros.task.ament_cmake.build:Building ROS package in '/home/kuldip/assignment_ws/src/l1-kuldipbirhade/testbed_description' with build type 'ament_cmake'
[0.284s] INFO:colcon.colcon_cmake.task.cmake.build:Building CMake package in '/home/kuldip/assignment_ws/src/l1-kuldipbirhade/testbed_description'
[0.285s] INFO:colcon.colcon_core.plugin_system:Skipping extension 'colcon_core.shell.bat': Not used on non-Windows systems
[0.285s] INFO:colcon.colcon_core.shell:Skip shell extension 'powershell' for command environment: Not usable outside of PowerShell
[0.285s] DEBUG:colcon.colcon_core.shell:Skip shell extension 'dsv' for command environment
[0.287s] INFO:colcon.colcon_ros.task.ament_cmake.build:Building ROS package in '/home/kuldip/assignment_ws/src/l1-kuldipbirhade/testbed_bringup' with build type 'ament_cmake'
[0.287s] INFO:colcon.colcon_cmake.task.cmake.build:Building CMake package in '/home/kuldip/assignment_ws/src/l1-kuldipbirhade/testbed_bringup'
[0.287s] INFO:colcon.colcon_core.shell:Skip shell extension 'powershell' for command environment: Not usable outside of PowerShell
[0.287s] DEBUG:colcon.colcon_core.shell:Skip shell extension 'dsv' for command environment
[0.289s] INFO:colcon.colcon_ros.task.ament_cmake.build:Building ROS package in '/home/kuldip/assignment_ws/src/testbed_navigation' with build type 'ament_cmake'
[0.289s] INFO:colcon.colcon_cmake.task.cmake.build:Building CMake package in '/home/kuldip/assignment_ws/src/testbed_navigation'
[0.289s] INFO:colcon.colcon_core.shell:Skip shell extension 'powershell' for command environment: Not usable outside of PowerShell
[0.289s] DEBUG:colcon.colcon_core.shell:Skip shell extension 'dsv' for command environment
[0.294s] DEBUG:colcon.colcon_core.event_handler.log_command:Invoking command in '/home/kuldip/assignment_ws/build/testbed_description': CMAKE_PREFIX_PATH=/opt/ros/humble /usr/bin/cmake --build /home/kuldip/assignment_ws/build/testbed_description -- -j12 -l12
[0.296s] DEBUG:colcon.colcon_core.event_handler.log_command:Invoking command in '/home/kuldip/assignment_ws/build/testbed_bringup': CMAKE_PREFIX_PATH=/opt/ros/humble /usr/bin/cmake --build /home/kuldip/assignment_ws/build/testbed_bringup -- -j12 -l12
[0.298s] DEBUG:colcon.colcon_core.event_handler.log_command:Invoking command in '/home/kuldip/assignment_ws/build/testbed_navigation': CMAKE_PREFIX_PATH=/opt/ros/humble /usr/bin/cmake /home/kuldip/assignment_ws/src/testbed_navigation -DCMAKE_INSTALL_PREFIX=/home/kuldip/assignment_ws/install/testbed_navigation
[0.328s] DEBUG:colcon.colcon_core.event_handler.log_command:Invoked command in '/home/kuldip/assignment_ws/build/testbed_description' returned '0': CMAKE_PREFIX_PATH=/opt/ros/humble /usr/bin/cmake --build /home/kuldip/assignment_ws/build/testbed_description -- -j12 -l12
[0.335s] DEBUG:colcon.colcon_core.event_handler.log_command:Invoking command in '/home/kuldip/assignment_ws/build/testbed_description': CMAKE_PREFIX_PATH=/opt/ros/humble /usr/bin/cmake --install /home/kuldip/assignment_ws/build/testbed_description
[0.336s] DEBUG:colcon.colcon_core.event_handler.log_command:Invoked command in '/home/kuldip/assignment_ws/build/testbed_bringup' returned '0': CMAKE_PREFIX_PATH=/opt/ros/humble /usr/bin/cmake --build /home/kuldip/assignment_ws/build/testbed_bringup -- -j12 -l12
[0.337s] DEBUG:colcon.colcon_core.event_handler.log_command:Invoking command in '/home/kuldip/assignment_ws/build/testbed_bringup': CMAKE_PREFIX_PATH=/opt/ros/humble /usr/bin/cmake --install /home/kuldip/assignment_ws/build/testbed_bringup
[0.342s] Level 1:colcon.colcon_core.environment:create_environment_scripts_only(testbed_description)
[0.343s] DEBUG:colcon.colcon_core.event_handler.log_command:Invoked command in '/home/kuldip/assignment_ws/build/testbed_description' returned '0': CMAKE_PREFIX_PATH=/opt/ros/humble /usr/bin/cmake --install /home/kuldip/assignment_ws/build/testbed_description
[0.347s] Level 1:colcon.colcon_core.environment:checking '/home/kuldip/assignment_ws/install/testbed_description' for CMake module files
[0.347s] Level 1:colcon.colcon_core.environment:checking '/home/kuldip/assignment_ws/install/testbed_description' for CMake config files
[0.348s] Level 1:colcon.colcon_core.shell:create_environment_hook('testbed_description', 'cmake_prefix_path')
[0.348s] INFO:colcon.colcon_core.shell:Creating environment hook '/home/kuldip/assignment_ws/install/testbed_description/share/testbed_description/hook/cmake_prefix_path.ps1'
[0.349s] INFO:colcon.colcon_core.shell:Creating environment descriptor '/home/kuldip/assignment_ws/install/testbed_description/share/testbed_description/hook/cmake_prefix_path.dsv'
[0.349s] INFO:colcon.colcon_core.shell:Creating environment hook '/home/kuldip/assignment_ws/install/testbed_description/share/testbed_description/hook/cmake_prefix_path.sh'
[0.350s] Level 1:colcon.colcon_core.environment:checking '/home/kuldip/assignment_ws/install/testbed_description/bin'
[0.350s] Level 1:colcon.colcon_core.environment:checking '/home/kuldip/assignment_ws/install/testbed_description/lib/pkgconfig/testbed_description.pc'
[0.350s] Level 1:colcon.colcon_core.environment:checking '/home/kuldip/assignment_ws/install/testbed_description/lib/python3.10/site-packages'
[0.350s] Level 1:colcon.colcon_core.environment:checking '/home/kuldip/assignment_ws/install/testbed_description/bin'
[0.350s] INFO:colcon.colcon_core.shell:Creating package script '/home/kuldip/assignment_ws/install/testbed_description/share/testbed_description/package.ps1'
[0.351s] INFO:colcon.colcon_core.shell:Creating package descriptor '/home/kuldip/assignment_ws/install/testbed_description/share/testbed_description/package.dsv'
[0.351s] INFO:colcon.colcon_core.shell:Creating package script '/home/kuldip/assignment_ws/install/testbed_description/share/testbed_description/package.sh'
[0.351s] INFO:colcon.colcon_core.shell:Creating package script '/home/kuldip/assignment_ws/install/testbed_description/share/testbed_description/package.bash'
[0.352s] INFO:colcon.colcon_core.shell:Creating package script '/home/kuldip/assignment_ws/install/testbed_description/share/testbed_description/package.zsh'
[0.352s] Level 1:colcon.colcon_core.environment:create_file_with_runtime_dependencies(/home/kuldip/assignment_ws/install/testbed_description/share/colcon-core/packages/testbed_description)
[0.353s] Level 1:colcon.colcon_core.environment:create_environment_scripts_only(testbed_description)
[0.353s] Level 1:colcon.colcon_core.environment:checking '/home/kuldip/assignment_ws/install/testbed_description' for CMake module files
[0.353s] Level 1:colcon.colcon_core.environment:checking '/home/kuldip/assignment_ws/install/testbed_description' for CMake config files
[0.353s] Level 1:colcon.colcon_core.shell:create_environment_hook('testbed_description', 'cmake_prefix_path')
[0.353s] INFO:colcon.colcon_core.shell:Creating environment hook '/home/kuldip/assignment_ws/install/testbed_description/share/testbed_description/hook/cmake_prefix_path.ps1'
[0.353s] INFO:colcon.colcon_core.shell:Creating environment descriptor '/home/kuldip/assignment_ws/install/testbed_description/share/testbed_description/hook/cmake_prefix_path.dsv'
[0.354s] INFO:colcon.colcon_core.shell:Creating environment hook '/home/kuldip/assignment_ws/install/testbed_description/share/testbed_description/hook/cmake_prefix_path.sh'
[0.354s] Level 1:colcon.colcon_core.environment:checking '/home/kuldip/assignment_ws/install/testbed_description/bin'
[0.354s] Level 1:colcon.colcon_core.environment:checking '/home/kuldip/assignment_ws/install/testbed_description/lib/pkgconfig/testbed_description.pc'
[0.354s] Level 1:colcon.colcon_core.environment:checking '/home/kuldip/assignment_ws/install/testbed_description/lib/python3.10/site-packages'
[0.354s] Level 1:colcon.colcon_core.environment:checking '/home/kuldip/assignment_ws/install/testbed_description/bin'
[0.354s] INFO:colcon.colcon_core.shell:Creating package script '/home/kuldip/assignment_ws/install/testbed_description/share/testbed_description/package.ps1'
[0.355s] INFO:colcon.colcon_core.shell:Creating package descriptor '/home/kuldip/assignment_ws/install/testbed_description/share/testbed_description/package.dsv'
[0.355s] INFO:colcon.colcon_core.shell:Creating package script '/home/kuldip/assignment_ws/install/testbed_description/share/testbed_description/package.sh'
[0.355s] INFO:colcon.colcon_core.shell:Creating package script '/home/kuldip/assignment_ws/install/testbed_description/share/testbed_description/package.bash'
[0.356s] INFO:colcon.colcon_core.shell:Creating package script '/home/kuldip/assignment_ws/install/testbed_description/share/testbed_description/package.zsh'
[0.356s] Level 1:colcon.colcon_core.environment:create_file_with_runtime_dependencies(/home/kuldip/assignment_ws/install/testbed_description/share/colcon-core/packages/testbed_description)
[0.356s] INFO:colcon.colcon_ros.task.ament_cmake.build:Building ROS package in '/home/kuldip/assignment_ws/src/l1-kuldipbirhade/testbed_gazebo' with build type 'ament_cmake'
[0.356s] INFO:colcon.colcon_cmake.task.cmake.build:Building CMake package in '/home/kuldip/assignment_ws/src/l1-kuldipbirhade/testbed_gazebo'
[0.356s] INFO:colcon.colcon_core.shell:Skip shell extension 'powershell' for command environment: Not usable outside of PowerShell
[0.356s] DEBUG:colcon.colcon_core.shell:Skip shell extension 'dsv' for command environment
[0.359s] Level 1:colcon.colcon_core.environment:create_environment_scripts_only(testbed_bringup)
[0.359s] Level 1:colcon.colcon_core.environment:checking '/home/kuldip/assignment_ws/install/testbed_bringup' for CMake module files
[0.359s] DEBUG:colcon.colcon_core.event_handler.log_command:Invoked command in '/home/kuldip/assignment_ws/build/testbed_bringup' returned '0': CMAKE_PREFIX_PATH=/opt/ros/humble /usr/bin/cmake --install /home/kuldip/assignment_ws/build/testbed_bringup
[0.359s] Level 1:colcon.colcon_core.environment:checking '/home/kuldip/assignment_ws/install/testbed_bringup' for CMake config files
[0.359s] Level 1:colcon.colcon_core.shell:create_environment_hook('testbed_bringup', 'cmake_prefix_path')
[0.360s] INFO:colcon.colcon_core.shell:Creating environment hook '/home/kuldip/assignment_ws/install/testbed_bringup/share/testbed_bringup/hook/cmake_prefix_path.ps1'
[0.360s] INFO:colcon.colcon_core.shell:Creating environment descriptor '/home/kuldip/assignment_ws/install/testbed_bringup/share/testbed_bringup/hook/cmake_prefix_path.dsv'
[0.360s] INFO:colcon.colcon_core.shell:Creating environment hook '/home/kuldip/assignment_ws/install/testbed_bringup/share/testbed_bringup/hook/cmake_prefix_path.sh'
[0.360s] Level 1:colcon.colcon_core.environment:checking '/home/kuldip/assignment_ws/install/testbed_bringup/bin'
[0.360s] Level 1:colcon.colcon_core.environment:checking '/home/kuldip/assignment_ws/install/testbed_bringup/lib/pkgconfig/testbed_bringup.pc'
[0.361s] Level 1:colcon.colcon_core.environment:checking '/home/kuldip/assignment_ws/install/testbed_bringup/lib/python3.10/site-packages'
[0.361s] Level 1:colcon.colcon_core.environment:checking '/home/kuldip/assignment_ws/install/testbed_bringup/bin'
[0.361s] INFO:colcon.colcon_core.shell:Creating package script '/home/kuldip/assignment_ws/install/testbed_bringup/share/testbed_bringup/package.ps1'
[0.361s] INFO:colcon.colcon_core.shell:Creating package descriptor '/home/kuldip/assignment_ws/install/testbed_bringup/share/testbed_bringup/package.dsv'
[0.361s] INFO:colcon.colcon_core.shell:Creating package script '/home/kuldip/assignment_ws/install/testbed_bringup/share/testbed_bringup/package.sh'
[0.362s] INFO:colcon.colcon_core.shell:Creating package script '/home/kuldip/assignment_ws/install/testbed_bringup/share/testbed_bringup/package.bash'
[0.362s] INFO:colcon.colcon_core.shell:Creating package script '/home/kuldip/assignment_ws/install/testbed_bringup/share/testbed_bringup/package.zsh'
[0.362s] Level 1:colcon.colcon_core.environment:create_file_with_runtime_dependencies(/home/kuldip/assignment_ws/install/testbed_bringup/share/colcon-core/packages/testbed_bringup)
[0.362s] Level 1:colcon.colcon_core.environment:create_environment_scripts_only(testbed_bringup)
[0.362s] Level 1:colcon.colcon_core.environment:checking '/home/kuldip/assignment_ws/install/testbed_bringup' for CMake module files
[0.363s] Level 1:colcon.colcon_core.environment:checking '/home/kuldip/assignment_ws/install/testbed_bringup' for CMake config files
[0.363s] Level 1:colcon.colcon_core.shell:create_environment_hook('testbed_bringup', 'cmake_prefix_path')
[0.363s] INFO:colcon.colcon_core.shell:Creating environment hook '/home/kuldip/assignment_ws/install/testbed_bringup/share/testbed_bringup/hook/cmake_prefix_path.ps1'
[0.363s] INFO:colcon.colcon_core.shell:Creating environment descriptor '/home/kuldip/assignment_ws/install/testbed_bringup/share/testbed_bringup/hook/cmake_prefix_path.dsv'
[0.363s] INFO:colcon.colcon_core.shell:Creating environment hook '/home/kuldip/assignment_ws/install/testbed_bringup/share/testbed_bringup/hook/cmake_prefix_path.sh'
[0.363s] Level 1:colcon.colcon_core.environment:checking '/home/kuldip/assignment_ws/install/testbed_bringup/bin'
[0.364s] Level 1:colcon.colcon_core.environment:checking '/home/kuldip/assignment_ws/install/testbed_bringup/lib/pkgconfig/testbed_bringup.pc'
[0.364s] Level 1:colcon.colcon_core.environment:checking '/home/kuldip/assignment_ws/install/testbed_bringup/lib/python3.10/site-packages'
[0.364s] Level 1:colcon.colcon_core.environment:checking '/home/kuldip/assignment_ws/install/testbed_bringup/bin'
[0.364s] INFO:colcon.colcon_core.shell:Creating package script '/home/kuldip/assignment_ws/install/testbed_bringup/share/testbed_bringup/package.ps1'
[0.364s] INFO:colcon.colcon_core.shell:Creating package descriptor '/home/kuldip/assignment_ws/install/testbed_bringup/share/testbed_bringup/package.dsv'
[0.364s] INFO:colcon.colcon_core.shell:Creating package script '/home/kuldip/assignment_ws/install/testbed_bringup/share/testbed_bringup/package.sh'
[0.365s] INFO:colcon.colcon_core.shell:Creating package script '/home/kuldip/assignment_ws/install/testbed_bringup/share/testbed_bringup/package.bash'
[0.365s] INFO:colcon.colcon_core.shell:Creating package script '/home/kuldip/assignment_ws/install/testbed_bringup/share/testbed_bringup/package.zsh'
[0.365s] Level 1:colcon.colcon_core.environment:create_file_with_runtime_dependencies(/home/kuldip/assignment_ws/install/testbed_bringup/share/colcon-core/packages/testbed_bringup)
[0.367s] DEBUG:colcon.colcon_core.event_handler.log_command:Invoking command in '/home/kuldip/assignment_ws/build/testbed_gazebo': AMENT_PREFIX_PATH=/home/kuldip/assignment_ws/install/testbed_description:${AMENT_PREFIX_PATH} CMAKE_PREFIX_PATH=/home/kuldip/assignment_ws/install/testbed_description:/opt/ros/humble /usr/bin/cmake --build /home/kuldip/assignment_ws/build/testbed_gazebo -- -j12 -l12
[0.396s] DEBUG:colcon.colcon_core.event_handler.log_command:Invoked command in '/home/kuldip/assignment_ws/build/testbed_gazebo' returned '0': AMENT_PREFIX_PATH=/home/kuldip/assignment_ws/install/testbed_description:${AMENT_PREFIX_PATH} CMAKE_PREFIX_PATH=/home/kuldip/assignment_ws/install/testbed_description:/opt/ros/humble /usr/bin/cmake --build /home/kuldip/assignment_ws/build/testbed_gazebo -- -j12 -l12
[0.397s] DEBUG:colcon.colcon_core.event_handler.log_command:Invoking command in '/home/kuldip/assignment_ws/build/testbed_gazebo': AMENT_PREFIX_PATH=/home/kuldip/assignment_ws/install/testbed_description:${AMENT_PREFIX_PATH} CMAKE_PREFIX_PATH=/home/kuldip/assignment_ws/install/testbed_description:/opt/ros/humble /usr/bin/cmake --install /home/kuldip/assignment_ws/build/testbed_gazebo
[0.407s] Level 1:colcon.colcon_core.environment:create_environment_scripts_only(testbed_gazebo)
[0.407s] DEBUG:colcon.colcon_core.event_handler.log_command:Invoked command in '/home/kuldip/assignment_ws/build/testbed_gazebo' returned '0': AMENT_PREFIX_PATH=/home/kuldip/assignment_ws/install/testbed_description:${AMENT_PREFIX_PATH} CMAKE_PREFIX_PATH=/home/kuldip/assignment_ws/install/testbed_description:/opt/ros/humble /usr/bin/cmake --install /home/kuldip/assignment_ws/build/testbed_gazebo
[0.408s] Level 1:colcon.colcon_core.environment:checking '/home/kuldip/assignment_ws/install/testbed_gazebo' for CMake module files
[0.409s] Level 1:colcon.colcon_core.environment:checking '/home/kuldip/assignment_ws/install/testbed_gazebo' for CMake config files
[0.410s] Level 1:colcon.colcon_core.shell:create_environment_hook('testbed_gazebo', 'cmake_prefix_path')
[0.410s] INFO:colcon.colcon_core.shell:Creating environment hook '/home/kuldip/assignment_ws/install/testbed_gazebo/share/testbed_gazebo/hook/cmake_prefix_path.ps1'
[0.410s] INFO:colcon.colcon_core.shell:Creating environment descriptor '/home/kuldip/assignment_ws/install/testbed_gazebo/share/testbed_gazebo/hook/cmake_prefix_path.dsv'
[0.411s] INFO:colcon.colcon_core.shell:Creating environment hook '/home/kuldip/assignment_ws/install/testbed_gazebo/share/testbed_gazebo/hook/cmake_prefix_path.sh'
[0.411s] Level 1:colcon.colcon_core.environment:checking '/home/kuldip/assignment_ws/install/testbed_gazebo/bin'
[0.411s] Level 1:colcon.colcon_core.environment:checking '/home/kuldip/assignment_ws/install/testbed_gazebo/lib/pkgconfig/testbed_gazebo.pc'
[0.411s] Level 1:colcon.colcon_core.environment:checking '/home/kuldip/assignment_ws/install/testbed_gazebo/lib/python3.10/site-packages'
[0.411s] Level 1:colcon.colcon_core.environment:checking '/home/kuldip/assignment_ws/install/testbed_gazebo/bin'
[0.412s] INFO:colcon.colcon_core.shell:Creating package script '/home/kuldip/assignment_ws/install/testbed_gazebo/share/testbed_gazebo/package.ps1'
[0.412s] INFO:colcon.colcon_core.shell:Creating package descriptor '/home/kuldip/assignment_ws/install/testbed_gazebo/share/testbed_gazebo/package.dsv'
[0.412s] INFO:colcon.colcon_core.shell:Creating package script '/home/kuldip/assignment_ws/install/testbed_gazebo/share/testbed_gazebo/package.sh'
[0.412s] INFO:colcon.colcon_core.shell:Creating package script '/home/kuldip/assignment_ws/install/testbed_gazebo/share/testbed_gazebo/package.bash'
[0.412s] INFO:colcon.colcon_core.shell:Creating package script '/home/kuldip/assignment_ws/install/testbed_gazebo/share/testbed_gazebo/package.zsh'
[0.413s] Level 1:colcon.colcon_core.environment:create_file_with_runtime_dependencies(/home/kuldip/assignment_ws/install/testbed_gazebo/share/colcon-core/packages/testbed_gazebo)
[0.413s] Level 1:colcon.colcon_core.environment:create_environment_scripts_only(testbed_gazebo)
[0.413s] Level 1:colcon.colcon_core.environment:checking '/home/kuldip/assignment_ws/install/testbed_gazebo' for CMake module files
[0.413s] Level 1:colcon.colcon_core.environment:checking '/home/kuldip/assignment_ws/install/testbed_gazebo' for CMake config files
[0.413s] Level 1:colcon.colcon_core.shell:create_environment_hook('testbed_gazebo', 'cmake_prefix_path')
[0.413s] INFO:colcon.colcon_core.shell:Creating environment hook '/home/kuldip/assignment_ws/install/testbed_gazebo/share/testbed_gazebo/hook/cmake_prefix_path.ps1'
[0.414s] INFO:colcon.colcon_core.shell:Creating environment descriptor '/home/kuldip/assignment_ws/install/testbed_gazebo/share/testbed_gazebo/hook/cmake_prefix_path.dsv'
[0.414s] INFO:colcon.colcon_core.shell:Creating environment hook '/home/kuldip/assignment_ws/install/testbed_gazebo/share/testbed_gazebo/hook/cmake_prefix_path.sh'
[0.414s] Level 1:colcon.colcon_core.environment:checking '/home/kuldip/assignment_ws/install/testbed_gazebo/bin'
[0.414s] Level 1:colcon.colcon_core.environment:checking '/home/kuldip/assignment_ws/install/testbed_gazebo/lib/pkgconfig/testbed_gazebo.pc'
[0.414s] Level 1:colcon.colcon_core.environment:checking '/home/kuldip/assignment_ws/install/testbed_gazebo/lib/python3.10/site-packages'
[0.415s] Level 1:colcon.colcon_core.environment:checking '/home/kuldip/assignment_ws/install/testbed_gazebo/bin'
[0.415s] INFO:colcon.colcon_core.shell:Creating package script '/home/kuldip/assignment_ws/install/testbed_gazebo/share/testbed_gazebo/package.ps1'
[0.415s] INFO:colcon.colcon_core.shell:Creating package descriptor '/home/kuldip/assignment_ws/install/testbed_gazebo/share/testbed_gazebo/package.dsv'
[0.415s] INFO:colcon.colcon_core.shell:Creating package script '/home/kuldip/assignment_ws/install/testbed_gazebo/share/testbed_gazebo/package.sh'
[0.416s] INFO:colcon.colcon_core.shell:Creating package script '/home/kuldip/assignment_ws/install/testbed_gazebo/share/testbed_gazebo/package.bash'
[0.416s] INFO:colcon.colcon_core.shell:Creating package script '/home/kuldip/assignment_ws/install/testbed_gazebo/share/testbed_gazebo/package.zsh'
[0.416s] Level 1:colcon.colcon_core.environment:create_file_with_runtime_dependencies(/home/kuldip/assignment_ws/install/testbed_gazebo/share/colcon-core/packages/testbed_gazebo)
[0.757s] DEBUG:colcon.colcon_core.event_handler.log_command:Invoked command in '/home/kuldip/assignment_ws/build/testbed_navigation' returned '0': CMAKE_PREFIX_PATH=/opt/ros/humble /usr/bin/cmake /home/kuldip/assignment_ws/src/testbed_navigation -DCMAKE_INSTALL_PREFIX=/home/kuldip/assignment_ws/install/testbed_navigation
[0.757s] DEBUG:colcon.colcon_core.event_handler.log_command:Invoking command in '/home/kuldip/assignment_ws/build/testbed_navigation': CMAKE_PREFIX_PATH=/opt/ros/humble /usr/bin/cmake --build /home/kuldip/assignment_ws/build/testbed_navigation -- -j12 -l12
[0.790s] DEBUG:colcon.colcon_core.event_handler.log_command:Invoked command in '/home/kuldip/assignment_ws/build/testbed_navigation' returned '0': CMAKE_PREFIX_PATH=/opt/ros/humble /usr/bin/cmake --build /home/kuldip/assignment_ws/build/testbed_navigation -- -j12 -l12
[0.792s] DEBUG:colcon.colcon_core.event_handler.log_command:Invoking command in '/home/kuldip/assignment_ws/build/testbed_navigation': CMAKE_PREFIX_PATH=/opt/ros/humble /usr/bin/cmake --install /home/kuldip/assignment_ws/build/testbed_navigation
[0.800s] Level 1:colcon.colcon_core.environment:create_environment_scripts_only(testbed_navigation)
[0.800s] DEBUG:colcon.colcon_core.event_handler.log_command:Invoked command in '/home/kuldip/assignment_ws/build/testbed_navigation' returned '0': CMAKE_PREFIX_PATH=/opt/ros/humble /usr/bin/cmake --install /home/kuldip/assignment_ws/build/testbed_navigation
[0.801s] Level 1:colcon.colcon_core.environment:checking '/home/kuldip/assignment_ws/install/testbed_navigation' for CMake module files
[0.801s] Level 1:colcon.colcon_core.environment:checking '/home/kuldip/assignment_ws/install/testbed_navigation' for CMake config files
[0.801s] Level 1:colcon.colcon_core.shell:create_environment_hook('testbed_navigation', 'cmake_prefix_path')
[0.801s] INFO:colcon.colcon_core.shell:Creating environment hook '/home/kuldip/assignment_ws/install/testbed_navigation/share/testbed_navigation/hook/cmake_prefix_path.ps1'
[0.802s] INFO:colcon.colcon_core.shell:Creating environment descriptor '/home/kuldip/assignment_ws/install/testbed_navigation/share/testbed_navigation/hook/cmake_prefix_path.dsv'
[0.802s] INFO:colcon.colcon_core.shell:Creating environment hook '/home/kuldip/assignment_ws/install/testbed_navigation/share/testbed_navigation/hook/cmake_prefix_path.sh'
[0.802s] Level 1:colcon.colcon_core.environment:checking '/home/kuldip/assignment_ws/install/testbed_navigation/bin'
[0.803s] Level 1:colcon.colcon_core.environment:checking '/home/kuldip/assignment_ws/install/testbed_navigation/lib/pkgconfig/testbed_navigation.pc'
[0.803s] Level 1:colcon.colcon_core.environment:checking '/home/kuldip/assignment_ws/install/testbed_navigation/lib/python3.10/site-packages'
[0.803s] Level 1:colcon.colcon_core.environment:checking '/home/kuldip/assignment_ws/install/testbed_navigation/bin'
[0.803s] INFO:colcon.colcon_core.shell:Creating package script '/home/kuldip/assignment_ws/install/testbed_navigation/share/testbed_navigation/package.ps1'
[0.804s] INFO:colcon.colcon_core.shell:Creating package descriptor '/home/kuldip/assignment_ws/install/testbed_navigation/share/testbed_navigation/package.dsv'
[0.804s] INFO:colcon.colcon_core.shell:Creating package script '/home/kuldip/assignment_ws/install/testbed_navigation/share/testbed_navigation/package.sh'
[0.804s] INFO:colcon.colcon_core.shell:Creating package script '/home/kuldip/assignment_ws/install/testbed_navigation/share/testbed_navigation/package.bash'
[0.805s] INFO:colcon.colcon_core.shell:Creating package script '/home/kuldip/assignment_ws/install/testbed_navigation/share/testbed_navigation/package.zsh'
[0.805s] Level 1:colcon.colcon_core.environment:create_file_with_runtime_dependencies(/home/kuldip/assignment_ws/install/testbed_navigation/share/colcon-core/packages/testbed_navigation)
[0.805s] Level 1:colcon.colcon_core.environment:create_environment_scripts_only(testbed_navigation)
[0.806s] Level 1:colcon.colcon_core.environment:checking '/home/kuldip/assignment_ws/install/testbed_navigation' for CMake module files
[0.806s] Level 1:colcon.colcon_core.environment:checking '/home/kuldip/assignment_ws/install/testbed_navigation' for CMake config files
[0.806s] Level 1:colcon.colcon_core.shell:create_environment_hook('testbed_navigation', 'cmake_prefix_path')
[0.806s] INFO:colcon.colcon_core.shell:Creating environment hook '/home/kuldip/assignment_ws/install/testbed_navigation/share/testbed_navigation/hook/cmake_prefix_path.ps1'
[0.807s] INFO:colcon.colcon_core.shell:Creating environment descriptor '/home/kuldip/assignment_ws/install/testbed_navigation/share/testbed_navigation/hook/cmake_prefix_path.dsv'
[0.807s] INFO:colcon.colcon_core.shell:Creating environment hook '/home/kuldip/assignment_ws/install/testbed_navigation/share/testbed_navigation/hook/cmake_prefix_path.sh'
[0.807s] Level 1:colcon.colcon_core.environment:checking '/home/kuldip/assignment_ws/install/testbed_navigation/bin'
[0.808s] Level 1:colcon.colcon_core.environment:checking '/home/kuldip/assignment_ws/install/testbed_navigation/lib/pkgconfig/testbed_navigation.pc'
[0.808s] Level 1:colcon.colcon_core.environment:checking '/home/kuldip/assignment_ws/install/testbed_navigation/lib/python3.10/site-packages'
[0.808s] Level 1:colcon.colcon_core.environment:checking '/home/kuldip/assignment_ws/install/testbed_navigation/bin'
[0.808s] INFO:colcon.colcon_core.shell:Creating package script '/home/kuldip/assignment_ws/install/testbed_navigation/share/testbed_navigation/package.ps1'
[0.809s] INFO:colcon.colcon_core.shell:Creating package descriptor '/home/kuldip/assignment_ws/install/testbed_navigation/share/testbed_navigation/package.dsv'
[0.809s] INFO:colcon.colcon_core.shell:Creating package script '/home/kuldip/assignment_ws/install/testbed_navigation/share/testbed_navigation/package.sh'
[0.809s] INFO:colcon.colcon_core.shell:Creating package script '/home/kuldip/assignment_ws/install/testbed_navigation/share/testbed_navigation/package.bash'
[0.809s] INFO:colcon.colcon_core.shell:Creating package script '/home/kuldip/assignment_ws/install/testbed_navigation/share/testbed_navigation/package.zsh'
[0.810s] Level 1:colcon.colcon_core.environment:create_file_with_runtime_dependencies(/home/kuldip/assignment_ws/install/testbed_navigation/share/colcon-core/packages/testbed_navigation)
[0.810s] DEBUG:colcon.colcon_parallel_executor.executor.parallel:closing loop
[0.810s] DEBUG:colcon.colcon_parallel_executor.executor.parallel:loop closed
[0.810s] DEBUG:colcon.colcon_parallel_executor.executor.parallel:run_until_complete finished with '0'
[0.810s] DEBUG:colcon.colcon_core.event_reactor:joining thread
[0.814s] INFO:colcon.colcon_core.plugin_system:Skipping extension 'colcon_notification.desktop_notification.terminal_notifier': Not used on non-Darwin systems
[0.814s] INFO:colcon.colcon_core.plugin_system:Skipping extension 'colcon_notification.desktop_notification.win32': Not used on non-Windows systems
[0.814s] INFO:colcon.colcon_notification.desktop_notification:Sending desktop notification using 'notify2'
[0.826s] DEBUG:colcon.colcon_core.event_reactor:joined thread
[0.826s] INFO:colcon.colcon_core.shell:Creating prefix script '/home/kuldip/assignment_ws/install/local_setup.ps1'
[0.827s] INFO:colcon.colcon_core.shell:Creating prefix util module '/home/kuldip/assignment_ws/install/_local_setup_util_ps1.py'
[0.827s] INFO:colcon.colcon_core.shell:Creating prefix chain script '/home/kuldip/assignment_ws/install/setup.ps1'
[0.828s] INFO:colcon.colcon_core.shell:Creating prefix script '/home/kuldip/assignment_ws/install/local_setup.sh'
[0.829s] INFO:colcon.colcon_core.shell:Creating prefix util module '/home/kuldip/assignment_ws/install/_local_setup_util_sh.py'
[0.829s] INFO:colcon.colcon_core.shell:Creating prefix chain script '/home/kuldip/assignment_ws/install/setup.sh'
[0.830s] INFO:colcon.colcon_core.shell:Creating prefix script '/home/kuldip/assignment_ws/install/local_setup.bash'
[0.830s] INFO:colcon.colcon_core.shell:Creating prefix chain script '/home/kuldip/assignment_ws/install/setup.bash'
[0.830s] INFO:colcon.colcon_core.shell:Creating prefix script '/home/kuldip/assignment_ws/install/local_setup.zsh'
[0.831s] INFO:colcon.colcon_core.shell:Creating prefix chain script '/home/kuldip/assignment_ws/install/setup.zsh'
